
  _______ ___ ___ ___   _____ _   ___ _  ___    ___ ___ _____
 |_  / __| __| _ ) __| |_   _/_\ / __| |/ / |  |_ _/ __|_   _|
  / /| _|| _|| _ \ _|    | |/ _ \\__ \ ' <| |__ | |\__ \ | |
 /___|___|___|___/___|   |_/_/ \_\___/_|\_\____|___|___/ |_|

                                                                            
				       8.1.6
							  

2023-02-22 19:06:03.279  INFO 1 --- [           main] i.c.t.Application                        : Starting Application using Java 17.0.5 on camunda-tasklist-674dd7d465-7nndl with PID 1 (/app/classes started by root in /)
2023-02-22 19:06:03.285  INFO 1 --- [           main] i.c.t.Application                        : The following 1 profile is active: "identity-auth"
2023-02-22 19:06:06.901  INFO 1 --- [           main] trationDelegate$BeanPostProcessorChecker : Bean 'io.camunda.tasklist.webapp.security.CustomMethodSecurityExpressionHandler' of type [io.camunda.tasklist.webapp.security.CustomMethodSecurityExpressionHandler] is not eligible for getting processed by all BeanPostProcessors (for example: not eligible for auto-proxying)
2023-02-22 19:06:06.902  INFO 1 --- [           main] trationDelegate$BeanPostProcessorChecker : Bean 'io.camunda.tasklist.webapp.security.MethodSecurityConfig' of type [io.camunda.tasklist.webapp.security.MethodSecurityConfig$$EnhancerBySpringCGLIB$$f951a6a3] is not eligible for getting processed by all BeanPostProcessors (for example: not eligible for auto-proxying)
2023-02-22 19:06:07.586  INFO 1 --- [           main] o.s.b.w.e.t.TomcatWebServer              : Tomcat initialized with port(s): 8080 (http)
2023-02-22 19:06:07.595  INFO 1 --- [           main] o.a.c.c.StandardService                  : Starting service [Tomcat]
2023-02-22 19:06:07.595  INFO 1 --- [           main] o.a.c.c.StandardEngine                   : Starting Servlet engine: [Apache Tomcat/9.0.69]
2023-02-22 19:06:07.863  INFO 1 --- [           main] o.a.c.c.C.[.[.[/]                        : Initializing Spring embedded WebApplicationContext
2023-02-22 19:06:07.863  INFO 1 --- [           main] w.s.c.ServletWebServerApplicationContext : Root WebApplicationContext: initialization completed in 4476 ms
2023-02-22 19:06:08.289  WARN 1 --- [           main] i.c.t.e.ElasticsearchConnector           : Username and/or password for are empty. Basic authentication for elasticsearch is not used.
2023-02-22 19:06:12.078  INFO 1 --- [           main] i.c.t.e.ElasticsearchConnector           : Retrying #1 connect to Elasticsearch at http://elasticsearch-master:9200 due to ElasticsearchException[java.util.concurrent.ExecutionException: org.elasticsearch.client.ResponseException: method [GET], host [http://elasticsearch-master:9200], URI [/], status line [HTTP/1.1 503 Service Unavailable]
no healthy upstream]; nested: ExecutionException[org.elasticsearch.client.ResponseException: method [GET], host [http://elasticsearch-master:9200], URI [/], status line [HTTP/1.1 503 Service Unavailable]
no healthy upstream]; nested: ResponseException[method [GET], host [http://elasticsearch-master:9200], URI [/], status line [HTTP/1.1 503 Service Unavailable]
no healthy upstream];
2023-02-22 19:06:15.082  INFO 1 --- [           main] i.c.t.e.ElasticsearchConnector           : Retrying #2 connect to Elasticsearch at http://elasticsearch-master:9200 due to ElasticsearchException[java.util.concurrent.ExecutionException: org.elasticsearch.client.ResponseException: method [GET], host [http://elasticsearch-master:9200], URI [/], status line [HTTP/1.1 503 Service Unavailable]
no healthy upstream]; nested: ExecutionException[org.elasticsearch.client.ResponseException: method [GET], host [http://elasticsearch-master:9200], URI [/], status line [HTTP/1.1 503 Service Unavailable]
no healthy upstream]; nested: ResponseException[method [GET], host [http://elasticsearch-master:9200], URI [/], status line [HTTP/1.1 503 Service Unavailable]
no healthy upstream];
2023-02-22 19:06:18.085  INFO 1 --- [           main] i.c.t.e.ElasticsearchConnector           : Retrying #3 connect to Elasticsearch at http://elasticsearch-master:9200 due to ElasticsearchException[java.util.concurrent.ExecutionException: org.elasticsearch.client.ResponseException: method [GET], host [http://elasticsearch-master:9200], URI [/], status line [HTTP/1.1 503 Service Unavailable]
no healthy upstream]; nested: ExecutionException[org.elasticsearch.client.ResponseException: method [GET], host [http://elasticsearch-master:9200], URI [/], status line [HTTP/1.1 503 Service Unavailable]
no healthy upstream]; nested: ResponseException[method [GET], host [http://elasticsearch-master:9200], URI [/], status line [HTTP/1.1 503 Service Unavailable]
no healthy upstream];
2023-02-22 19:06:21.087  INFO 1 --- [           main] i.c.t.e.ElasticsearchConnector           : Retrying #4 connect to Elasticsearch at http://elasticsearch-master:9200 due to ElasticsearchException[java.util.concurrent.ExecutionException: org.elasticsearch.client.ResponseException: method [GET], host [http://elasticsearch-master:9200], URI [/], status line [HTTP/1.1 503 Service Unavailable]
no healthy upstream]; nested: ExecutionException[org.elasticsearch.client.ResponseException: method [GET], host [http://elasticsearch-master:9200], URI [/], status line [HTTP/1.1 503 Service Unavailable]
no healthy upstream]; nested: ResponseException[method [GET], host [http://elasticsearch-master:9200], URI [/], status line [HTTP/1.1 503 Service Unavailable]
no healthy upstream];
2023-02-22 19:06:24.090  INFO 1 --- [           main] i.c.t.e.ElasticsearchConnector           : Retrying #5 connect to Elasticsearch at http://elasticsearch-master:9200 due to ElasticsearchException[java.util.concurrent.ExecutionException: org.elasticsearch.client.ResponseException: method [GET], host [http://elasticsearch-master:9200], URI [/], status line [HTTP/1.1 503 Service Unavailable]
no healthy upstream]; nested: ExecutionException[org.elasticsearch.client.ResponseException: method [GET], host [http://elasticsearch-master:9200], URI [/], status line [HTTP/1.1 503 Service Unavailable]
no healthy upstream]; nested: ResponseException[method [GET], host [http://elasticsearch-master:9200], URI [/], status line [HTTP/1.1 503 Service Unavailable]
no healthy upstream];
2023-02-22 19:06:27.092  INFO 1 --- [           main] i.c.t.e.ElasticsearchConnector           : Retrying #6 connect to Elasticsearch at http://elasticsearch-master:9200 due to ElasticsearchException[java.util.concurrent.ExecutionException: org.elasticsearch.client.ResponseException: method [GET], host [http://elasticsearch-master:9200], URI [/], status line [HTTP/1.1 503 Service Unavailable]
no healthy upstream]; nested: ExecutionException[org.elasticsearch.client.ResponseException: method [GET], host [http://elasticsearch-master:9200], URI [/], status line [HTTP/1.1 503 Service Unavailable]
no healthy upstream]; nested: ResponseException[method [GET], host [http://elasticsearch-master:9200], URI [/], status line [HTTP/1.1 503 Service Unavailable]
no healthy upstream];
2023-02-22 19:06:30.095  INFO 1 --- [           main] i.c.t.e.ElasticsearchConnector           : Retrying #7 connect to Elasticsearch at http://elasticsearch-master:9200 due to ElasticsearchException[java.util.concurrent.ExecutionException: org.elasticsearch.client.ResponseException: method [GET], host [http://elasticsearch-master:9200], URI [/], status line [HTTP/1.1 503 Service Unavailable]
no healthy upstream]; nested: ExecutionException[org.elasticsearch.client.ResponseException: method [GET], host [http://elasticsearch-master:9200], URI [/], status line [HTTP/1.1 503 Service Unavailable]
no healthy upstream]; nested: ResponseException[method [GET], host [http://elasticsearch-master:9200], URI [/], status line [HTTP/1.1 503 Service Unavailable]
no healthy upstream];
2023-02-22 19:06:33.098  INFO 1 --- [           main] i.c.t.e.ElasticsearchConnector           : Retrying #8 connect to Elasticsearch at http://elasticsearch-master:9200 due to ElasticsearchException[java.util.concurrent.ExecutionException: org.elasticsearch.client.ResponseException: method [GET], host [http://elasticsearch-master:9200], URI [/], status line [HTTP/1.1 503 Service Unavailable]
no healthy upstream]; nested: ExecutionException[org.elasticsearch.client.ResponseException: method [GET], host [http://elasticsearch-master:9200], URI [/], status line [HTTP/1.1 503 Service Unavailable]
no healthy upstream]; nested: ResponseException[method [GET], host [http://elasticsearch-master:9200], URI [/], status line [HTTP/1.1 503 Service Unavailable]
no healthy upstream];
2023-02-22 19:06:36.101  INFO 1 --- [           main] i.c.t.e.ElasticsearchConnector           : Retrying #9 connect to Elasticsearch at http://elasticsearch-master:9200 due to ElasticsearchException[java.util.concurrent.ExecutionException: org.elasticsearch.client.ResponseException: method [GET], host [http://elasticsearch-master:9200], URI [/], status line [HTTP/1.1 503 Service Unavailable]
no healthy upstream]; nested: ExecutionException[org.elasticsearch.client.ResponseException: method [GET], host [http://elasticsearch-master:9200], URI [/], status line [HTTP/1.1 503 Service Unavailable]
no healthy upstream]; nested: ResponseException[method [GET], host [http://elasticsearch-master:9200], URI [/], status line [HTTP/1.1 503 Service Unavailable]
no healthy upstream];
2023-02-22 19:06:39.103  INFO 1 --- [           main] i.c.t.e.ElasticsearchConnector           : Retrying #10 connect to Elasticsearch at http://elasticsearch-master:9200 due to ElasticsearchException[java.util.concurrent.ExecutionException: org.elasticsearch.client.ResponseException: method [GET], host [http://elasticsearch-master:9200], URI [/], status line [HTTP/1.1 503 Service Unavailable]
no healthy upstream]; nested: ExecutionException[org.elasticsearch.client.ResponseException: method [GET], host [http://elasticsearch-master:9200], URI [/], status line [HTTP/1.1 503 Service Unavailable]
no healthy upstream]; nested: ResponseException[method [GET], host [http://elasticsearch-master:9200], URI [/], status line [HTTP/1.1 503 Service Unavailable]
no healthy upstream];
2023-02-22 19:06:42.106  INFO 1 --- [           main] i.c.t.e.ElasticsearchConnector           : Retrying #11 connect to Elasticsearch at http://elasticsearch-master:9200 due to ElasticsearchException[java.util.concurrent.ExecutionException: org.elasticsearch.client.ResponseException: method [GET], host [http://elasticsearch-master:9200], URI [/], status line [HTTP/1.1 503 Service Unavailable]
no healthy upstream]; nested: ExecutionException[org.elasticsearch.client.ResponseException: method [GET], host [http://elasticsearch-master:9200], URI [/], status line [HTTP/1.1 503 Service Unavailable]
no healthy upstream]; nested: ResponseException[method [GET], host [http://elasticsearch-master:9200], URI [/], status line [HTTP/1.1 503 Service Unavailable]
no healthy upstream];
2023-02-22 19:06:45.109  INFO 1 --- [           main] i.c.t.e.ElasticsearchConnector           : Retrying #12 connect to Elasticsearch at http://elasticsearch-master:9200 due to ElasticsearchException[java.util.concurrent.ExecutionException: org.elasticsearch.client.ResponseException: method [GET], host [http://elasticsearch-master:9200], URI [/], status line [HTTP/1.1 503 Service Unavailable]
no healthy upstream]; nested: ExecutionException[org.elasticsearch.client.ResponseException: method [GET], host [http://elasticsearch-master:9200], URI [/], status line [HTTP/1.1 503 Service Unavailable]
no healthy upstream]; nested: ResponseException[method [GET], host [http://elasticsearch-master:9200], URI [/], status line [HTTP/1.1 503 Service Unavailable]
no healthy upstream];
2023-02-22 19:06:48.111  INFO 1 --- [           main] i.c.t.e.ElasticsearchConnector           : Retrying #13 connect to Elasticsearch at http://elasticsearch-master:9200 due to ElasticsearchException[java.util.concurrent.ExecutionException: org.elasticsearch.client.ResponseException: method [GET], host [http://elasticsearch-master:9200], URI [/], status line [HTTP/1.1 503 Service Unavailable]
no healthy upstream]; nested: ExecutionException[org.elasticsearch.client.ResponseException: method [GET], host [http://elasticsearch-master:9200], URI [/], status line [HTTP/1.1 503 Service Unavailable]
no healthy upstream]; nested: ResponseException[method [GET], host [http://elasticsearch-master:9200], URI [/], status line [HTTP/1.1 503 Service Unavailable]
no healthy upstream];
2023-02-22 19:06:51.114  INFO 1 --- [           main] i.c.t.e.ElasticsearchConnector           : Retrying #14 connect to Elasticsearch at http://elasticsearch-master:9200 due to ElasticsearchException[java.util.concurrent.ExecutionException: org.elasticsearch.client.ResponseException: method [GET], host [http://elasticsearch-master:9200], URI [/], status line [HTTP/1.1 503 Service Unavailable]
no healthy upstream]; nested: ExecutionException[org.elasticsearch.client.ResponseException: method [GET], host [http://elasticsearch-master:9200], URI [/], status line [HTTP/1.1 503 Service Unavailable]
no healthy upstream]; nested: ResponseException[method [GET], host [http://elasticsearch-master:9200], URI [/], status line [HTTP/1.1 503 Service Unavailable]
no healthy upstream];
2023-02-22 19:06:54.116  INFO 1 --- [           main] i.c.t.e.ElasticsearchConnector           : Retrying #15 connect to Elasticsearch at http://elasticsearch-master:9200 due to ElasticsearchException[java.util.concurrent.ExecutionException: org.elasticsearch.client.ResponseException: method [GET], host [http://elasticsearch-master:9200], URI [/], status line [HTTP/1.1 503 Service Unavailable]
no healthy upstream]; nested: ExecutionException[org.elasticsearch.client.ResponseException: method [GET], host [http://elasticsearch-master:9200], URI [/], status line [HTTP/1.1 503 Service Unavailable]
no healthy upstream]; nested: ResponseException[method [GET], host [http://elasticsearch-master:9200], URI [/], status line [HTTP/1.1 503 Service Unavailable]
no healthy upstream];
2023-02-22 19:06:54.665  INFO 1 --- [           main] o.e.c.EhcacheManager                     : Cache 'tokenCache' created in EhcacheManager.
2023-02-22 19:06:54.677  INFO 1 --- [           main] i.c.t.z.ZeebeConnector                   : Use plaintext connection to zeebe
2023-02-22 19:06:57.588  WARN 1 --- [           main] o.s.b.a.e.EndpointId                     : Endpoint ID 'usage-metrics' contains invalid characters, please migrate to a valid format.
2023-02-22 19:06:57.777  INFO 1 --- [           main] i.c.t.WebappModuleConfiguration          : Starting module: webapp
2023-02-22 19:06:57.795  INFO 1 --- [           main] i.c.t.s.SchemaStartup                    : SchemaStartup started.
2023-02-22 19:06:57.795  INFO 1 --- [           main] i.c.t.s.SchemaStartup                    : SchemaStartup: validate schema.
2023-02-22 19:06:57.865  INFO 1 --- [           main] i.c.t.s.SchemaStartup                    : SchemaStartup: schema is empty or not complete. Indices will be created.
2023-02-22 19:06:57.866  INFO 1 --- [           main] i.c.t.s.ElasticsearchSchemaManager       : Create default settings 'tasklist_template' with 1 shards and 0 replicas per index.
2023-02-22 19:06:58.117  WARN 1 --- [           main] o.e.c.RestClient                         : request [HEAD http://elasticsearch-master:9200/tasklist-task-variable-1.1.0_?ignore_throttled=false&ignore_unavailable=true&expand_wildcards=open&allow_no_indices=false] returned 1 warnings: [299 Elasticsearch-7.17.3-5ad023604c8d7416c9eb6c0eadb62b14e766caff "[ignore_throttled] parameter is deprecated because frozen indices have been deprecated. Consider cold or frozen tiers in place of frozen indices."]
2023-02-22 19:06:58.254  WARN 1 --- [           main] o.e.c.RestClient                         : request [HEAD http://elasticsearch-master:9200/tasklist-task-1.3.0_?ignore_throttled=false&ignore_unavailable=true&expand_wildcards=open&allow_no_indices=false] returned 1 warnings: [299 Elasticsearch-7.17.3-5ad023604c8d7416c9eb6c0eadb62b14e766caff "[ignore_throttled] parameter is deprecated because frozen indices have been deprecated. Consider cold or frozen tiers in place of frozen indices."]
2023-02-22 19:06:58.354  WARN 1 --- [           main] o.e.c.RestClient                         : request [HEAD http://elasticsearch-master:9200/tasklist-process-1.0.0_?ignore_throttled=false&ignore_unavailable=true&expand_wildcards=open&allow_no_indices=false] returned 1 warnings: [299 Elasticsearch-7.17.3-5ad023604c8d7416c9eb6c0eadb62b14e766caff "[ignore_throttled] parameter is deprecated because frozen indices have been deprecated. Consider cold or frozen tiers in place of frozen indices."]
2023-02-22 19:06:58.456  WARN 1 --- [           main] o.e.c.RestClient                         : request [HEAD http://elasticsearch-master:9200/tasklist-web-session-1.1.0_?ignore_throttled=false&ignore_unavailable=true&expand_wildcards=open&allow_no_indices=false] returned 1 warnings: [299 Elasticsearch-7.17.3-5ad023604c8d7416c9eb6c0eadb62b14e766caff "[ignore_throttled] parameter is deprecated because frozen indices have been deprecated. Consider cold or frozen tiers in place of frozen indices."]
2023-02-22 19:06:58.582  WARN 1 --- [           main] o.e.c.RestClient                         : request [HEAD http://elasticsearch-master:9200/tasklist-flownode-instance-1.0.0_?ignore_throttled=false&ignore_unavailable=true&expand_wildcards=open&allow_no_indices=false] returned 1 warnings: [299 Elasticsearch-7.17.3-5ad023604c8d7416c9eb6c0eadb62b14e766caff "[ignore_throttled] parameter is deprecated because frozen indices have been deprecated. Consider cold or frozen tiers in place of frozen indices."]
2023-02-22 19:06:58.662  WARN 1 --- [           main] o.e.c.RestClient                         : request [HEAD http://elasticsearch-master:9200/tasklist-migration-steps-repository-1.1.0_?ignore_throttled=false&ignore_unavailable=true&expand_wildcards=open&allow_no_indices=false] returned 1 warnings: [299 Elasticsearch-7.17.3-5ad023604c8d7416c9eb6c0eadb62b14e766caff "[ignore_throttled] parameter is deprecated because frozen indices have been deprecated. Consider cold or frozen tiers in place of frozen indices."]
2023-02-22 19:06:58.734  WARN 1 --- [           main] o.e.c.RestClient                         : request [HEAD http://elasticsearch-master:9200/tasklist-form-1.0.0_?ignore_throttled=false&ignore_unavailable=true&expand_wildcards=open&allow_no_indices=false] returned 1 warnings: [299 Elasticsearch-7.17.3-5ad023604c8d7416c9eb6c0eadb62b14e766caff "[ignore_throttled] parameter is deprecated because frozen indices have been deprecated. Consider cold or frozen tiers in place of frozen indices."]
2023-02-22 19:06:58.832  WARN 1 --- [           main] o.e.c.RestClient                         : request [HEAD http://elasticsearch-master:9200/tasklist-variable-1.1.0_?ignore_throttled=false&ignore_unavailable=true&expand_wildcards=open&allow_no_indices=false] returned 1 warnings: [299 Elasticsearch-7.17.3-5ad023604c8d7416c9eb6c0eadb62b14e766caff "[ignore_throttled] parameter is deprecated because frozen indices have been deprecated. Consider cold or frozen tiers in place of frozen indices."]
2023-02-22 19:06:58.914  WARN 1 --- [           main] o.e.c.RestClient                         : request [HEAD http://elasticsearch-master:9200/tasklist-process-instance-1.0.0_?ignore_throttled=false&ignore_unavailable=true&expand_wildcards=open&allow_no_indices=false] returned 1 warnings: [299 Elasticsearch-7.17.3-5ad023604c8d7416c9eb6c0eadb62b14e766caff "[ignore_throttled] parameter is deprecated because frozen indices have been deprecated. Consider cold or frozen tiers in place of frozen indices."]
2023-02-22 19:06:58.985  WARN 1 --- [           main] o.e.c.RestClient                         : request [HEAD http://elasticsearch-master:9200/tasklist-metric-1.0.0_?ignore_throttled=false&ignore_unavailable=true&expand_wildcards=open&allow_no_indices=false] returned 1 warnings: [299 Elasticsearch-7.17.3-5ad023604c8d7416c9eb6c0eadb62b14e766caff "[ignore_throttled] parameter is deprecated because frozen indices have been deprecated. Consider cold or frozen tiers in place of frozen indices."]
2023-02-22 19:06:59.056  WARN 1 --- [           main] o.e.c.RestClient                         : request [HEAD http://elasticsearch-master:9200/tasklist-user-1.4.0_?ignore_throttled=false&ignore_unavailable=true&expand_wildcards=open&allow_no_indices=false] returned 1 warnings: [299 Elasticsearch-7.17.3-5ad023604c8d7416c9eb6c0eadb62b14e766caff "[ignore_throttled] parameter is deprecated because frozen indices have been deprecated. Consider cold or frozen tiers in place of frozen indices."]
2023-02-22 19:06:59.131  WARN 1 --- [           main] o.e.c.RestClient                         : request [HEAD http://elasticsearch-master:9200/tasklist-import-position-1.0.0_?ignore_throttled=false&ignore_unavailable=true&expand_wildcards=open&allow_no_indices=false] returned 1 warnings: [299 Elasticsearch-7.17.3-5ad023604c8d7416c9eb6c0eadb62b14e766caff "[ignore_throttled] parameter is deprecated because frozen indices have been deprecated. Consider cold or frozen tiers in place of frozen indices."]
2023-02-22 19:06:59.224  INFO 1 --- [           main] i.c.t.s.SchemaStartup                    : SchemaStartup: migrate schema.
2023-02-22 19:06:59.225  INFO 1 --- [           main] i.c.t.s.m.ElasticsearchStepsRepository   : Read step 1.1.0-0_variable_script.json 
2023-02-22 19:06:59.263  INFO 1 --- [           main] i.c.t.s.m.ElasticsearchStepsRepository   : Read step 1.4.0-0_user_script.json 
2023-02-22 19:06:59.263  INFO 1 --- [           main] i.c.t.s.m.ElasticsearchStepsRepository   : Read step 1.4.0-1_user_delete_fields_script.json 
2023-02-22 19:06:59.263  INFO 1 --- [           main] i.c.t.s.m.ElasticsearchStepsRepository   : Read step 1.3.0-0_task_clean_assignee.json 
2023-02-22 19:06:59.264  INFO 1 --- [           main] i.c.t.s.m.ElasticsearchStepsRepository   : Read step 1.2.0-0_user-remove-role.json 
2023-02-22 19:06:59.264  INFO 1 --- [           main] i.c.t.s.m.ElasticsearchStepsRepository   : Read step 1.2.0-1_user_add_role.json 
2023-02-22 19:06:59.264  INFO 1 --- [           main] i.c.t.s.m.ElasticsearchStepsRepository   : Read step 1.1.0-1_task-variable_script.json 
2023-02-22 19:06:59.289  WARN 1 --- [           main] o.e.c.RestClient                         : request [POST http://elasticsearch-master:9200/tasklist-migration-steps-repository-1.1.0_/_search?typed_keys=true&max_concurrent_shard_requests=5&ignore_unavailable=true&expand_wildcards=open&allow_no_indices=true&ignore_throttled=false&search_type=query_then_fetch&batched_reduce_size=512] returned 1 warnings: [299 Elasticsearch-7.17.3-5ad023604c8d7416c9eb6c0eadb62b14e766caff "[ignore_throttled] parameter is deprecated because frozen indices have been deprecated. Consider cold or frozen tiers in place of frozen indices."]
2023-02-22 19:06:59.300  WARN 1 --- [           main] o.e.c.RestClient                         : request [POST http://elasticsearch-master:9200/tasklist-migration-steps-repository-1.1.0_/_search?typed_keys=true&max_concurrent_shard_requests=5&ignore_unavailable=true&expand_wildcards=open&allow_no_indices=true&ignore_throttled=false&scroll=60000ms&search_type=query_then_fetch&batched_reduce_size=512] returned 1 warnings: [299 Elasticsearch-7.17.3-5ad023604c8d7416c9eb6c0eadb62b14e766caff "[ignore_throttled] parameter is deprecated because frozen indices have been deprecated. Consider cold or frozen tiers in place of frozen indices."]
2023-02-22 19:06:59.302  INFO 1 --- [           main] i.c.t.s.m.ElasticsearchStepsRepository   : Add new step ProcessorStep [content={"script": {"lang": "painless","source": "ctx.fullValue = ctx.value; ctx.isPreview = ctx.value.length()>8191; if (ctx.isPreview) { ctx.value = ctx.value.substring(0,8191); }"}}, appliedDate=null, indexName=variable, isApplied=false, version=1.1.0, order=0, createdDate=2023-02-22T19:06:59.302884164Z] to repository.
2023-02-22 19:06:59.483  INFO 1 --- [           main] i.c.t.s.m.ElasticsearchStepsRepository   : Step ProcessorStep [content={"script": {"lang": "painless","source": "ctx.fullValue = ctx.value; ctx.isPreview = ctx.value.length()>8191; if (ctx.isPreview) { ctx.value = ctx.value.substring(0,8191); }"}}, appliedDate=null, indexName=variable, isApplied=false, version=1.1.0, order=0, createdDate=2023-02-22T19:06:59.302884164Z]  saved.
2023-02-22 19:06:59.483  INFO 1 --- [           main] i.c.t.s.m.ElasticsearchStepsRepository   : Add new step ProcessorStep [content={"script": {"lang": "painless","source": "ctx.fullValue = ctx.value; ctx.isPreview = ctx.value.length()>8191; if (ctx.isPreview) { ctx.value = ctx.value.substring(0,8191); }"}}, appliedDate=null, indexName=task-variable, isApplied=false, version=1.1.0, order=1, createdDate=2023-02-22T19:06:59.483531238Z] to repository.
2023-02-22 19:06:59.490  INFO 1 --- [           main] i.c.t.s.m.ElasticsearchStepsRepository   : Step ProcessorStep [content={"script": {"lang": "painless","source": "ctx.fullValue = ctx.value; ctx.isPreview = ctx.value.length()>8191; if (ctx.isPreview) { ctx.value = ctx.value.substring(0,8191); }"}}, appliedDate=null, indexName=task-variable, isApplied=false, version=1.1.0, order=1, createdDate=2023-02-22T19:06:59.483531238Z]  saved.
2023-02-22 19:06:59.491  INFO 1 --- [           main] i.c.t.s.m.ElasticsearchStepsRepository   : Add new step ProcessorStep [content={"remove": {"field": "role" }}, appliedDate=null, indexName=user, isApplied=false, version=1.2.0, order=0, createdDate=2023-02-22T19:06:59.491176290Z] to repository.
2023-02-22 19:06:59.498  INFO 1 --- [           main] i.c.t.s.m.ElasticsearchStepsRepository   : Step ProcessorStep [content={"remove": {"field": "role" }}, appliedDate=null, indexName=user, isApplied=false, version=1.2.0, order=0, createdDate=2023-02-22T19:06:59.491176290Z]  saved.
2023-02-22 19:06:59.498  INFO 1 --- [           main] i.c.t.s.m.ElasticsearchStepsRepository   : Add new step ProcessorStep [content={"append": {"field": "roles", "value": ["OWNER"]}}, appliedDate=null, indexName=user, isApplied=false, version=1.2.0, order=1, createdDate=2023-02-22T19:06:59.498703128Z] to repository.
2023-02-22 19:06:59.506  INFO 1 --- [           main] i.c.t.s.m.ElasticsearchStepsRepository   : Step ProcessorStep [content={"append": {"field": "roles", "value": ["OWNER"]}}, appliedDate=null, indexName=user, isApplied=false, version=1.2.0, order=1, createdDate=2023-02-22T19:06:59.498703128Z]  saved.
2023-02-22 19:06:59.506  INFO 1 --- [           main] i.c.t.s.m.ElasticsearchStepsRepository   : Add new step ProcessorStep [content={ "remove": { "field": ["assignee"] } }, appliedDate=null, indexName=task, isApplied=false, version=1.3.0, order=0, createdDate=2023-02-22T19:06:59.506303885Z] to repository.
2023-02-22 19:06:59.513  INFO 1 --- [           main] i.c.t.s.m.ElasticsearchStepsRepository   : Step ProcessorStep [content={ "remove": { "field": ["assignee"] } }, appliedDate=null, indexName=task, isApplied=false, version=1.3.0, order=0, createdDate=2023-02-22T19:06:59.506303885Z]  saved.
2023-02-22 19:06:59.513  INFO 1 --- [           main] i.c.t.s.m.ElasticsearchStepsRepository   : Add new step ProcessorStep [content={"script": {"lang": "painless","source": "ctx.userId = ctx.username; ctx.displayName = (ctx.firstname == null?'':ctx.firstname) + (ctx.lastname == null?'': (' ' + ctx.lastname))"}}, appliedDate=null, indexName=user, isApplied=false, version=1.4.0, order=0, createdDate=2023-02-22T19:06:59.513364731Z] to repository.
2023-02-22 19:06:59.519  INFO 1 --- [           main] i.c.t.s.m.ElasticsearchStepsRepository   : Step ProcessorStep [content={"script": {"lang": "painless","source": "ctx.userId = ctx.username; ctx.displayName = (ctx.firstname == null?'':ctx.firstname) + (ctx.lastname == null?'': (' ' + ctx.lastname))"}}, appliedDate=null, indexName=user, isApplied=false, version=1.4.0, order=0, createdDate=2023-02-22T19:06:59.513364731Z]  saved.
2023-02-22 19:06:59.520  INFO 1 --- [           main] i.c.t.s.m.ElasticsearchStepsRepository   : Add new step ProcessorStep [content={ "remove": { "field": ["username", "firstname", "lastname"] } }, appliedDate=null, indexName=user, isApplied=false, version=1.4.0, order=1, createdDate=2023-02-22T19:06:59.519980904Z] to repository.
2023-02-22 19:06:59.526  INFO 1 --- [           main] i.c.t.s.m.ElasticsearchStepsRepository   : Step ProcessorStep [content={ "remove": { "field": ["username", "firstname", "lastname"] } }, appliedDate=null, indexName=user, isApplied=false, version=1.4.0, order=1, createdDate=2023-02-22T19:06:59.519980904Z]  saved.
2023-02-22 19:06:59.564  INFO 1 --- [    migration_2] i.c.t.s.m.Migrator                       : Check if index web-session needs to migrate.
2023-02-22 19:06:59.564  INFO 1 --- [    migration_3] i.c.t.s.m.Migrator                       : Check if index flownode-instance needs to migrate.
2023-02-22 19:06:59.564  INFO 1 --- [    migration_4] i.c.t.s.m.Migrator                       : Check if index migration-steps-repository needs to migrate.
2023-02-22 19:06:59.565  INFO 1 --- [    migration_5] i.c.t.s.m.Migrator                       : Check if index form needs to migrate.
2023-02-22 19:06:59.564  INFO 1 --- [    migration_1] i.c.t.s.m.Migrator                       : Check if index process needs to migrate.
2023-02-22 19:06:59.572  INFO 1 --- [    migration_2] i.c.t.s.m.Migrator                       : No migration needed for web-session, no previous indices found.
2023-02-22 19:06:59.572  INFO 1 --- [    migration_2] i.c.t.s.m.Migrator                       : Check if index variable needs to migrate.
2023-02-22 19:06:59.577  INFO 1 --- [    migration_2] i.c.t.s.m.Migrator                       : No migration needed for variable, no previous indices found.
2023-02-22 19:06:59.577  INFO 1 --- [    migration_2] i.c.t.s.m.Migrator                       : Check if index process-instance needs to migrate.
2023-02-22 19:06:59.582  INFO 1 --- [    migration_2] i.c.t.s.m.Migrator                       : No migration needed for process-instance, no previous indices found.
2023-02-22 19:06:59.582  INFO 1 --- [    migration_2] i.c.t.s.m.Migrator                       : Check if index metric needs to migrate.
2023-02-22 19:06:59.582  INFO 1 --- [    migration_5] i.c.t.s.m.Migrator                       : No migration needed for form, no previous indices found.
2023-02-22 19:06:59.582  INFO 1 --- [    migration_3] i.c.t.s.m.Migrator                       : No migration needed for flownode-instance, no previous indices found.
2023-02-22 19:06:59.582  INFO 1 --- [    migration_5] i.c.t.s.m.Migrator                       : Check if index user needs to migrate.
2023-02-22 19:06:59.582  INFO 1 --- [    migration_3] i.c.t.s.m.Migrator                       : Check if index import-position needs to migrate.
2023-02-22 19:06:59.585  INFO 1 --- [    migration_4] i.c.t.s.m.Migrator                       : No migration needed for migration-steps-repository, no previous indices found.
2023-02-22 19:06:59.585  INFO 1 --- [    migration_4] i.c.t.s.m.Migrator                       : Check if index task-variable needs to migrate.
2023-02-22 19:06:59.585  INFO 1 --- [    migration_1] i.c.t.s.m.Migrator                       : No migration needed for process, no previous indices found.
2023-02-22 19:06:59.585  INFO 1 --- [    migration_1] i.c.t.s.m.Migrator                       : Check if index task needs to migrate.
2023-02-22 19:06:59.587  INFO 1 --- [    migration_3] i.c.t.s.m.Migrator                       : No migration needed for import-position, no previous indices found.
2023-02-22 19:06:59.587  INFO 1 --- [    migration_5] i.c.t.s.m.Migrator                       : No migration needed for user, no previous indices found.
2023-02-22 19:06:59.587  INFO 1 --- [    migration_2] i.c.t.s.m.Migrator                       : No migration needed for metric, no previous indices found.
2023-02-22 19:06:59.590  INFO 1 --- [    migration_4] i.c.t.s.m.Migrator                       : No migration needed for task-variable, no previous indices found.
2023-02-22 19:06:59.590  INFO 1 --- [    migration_1] i.c.t.s.m.Migrator                       : No migration needed for task, no previous indices found.
2023-02-22 19:06:59.591  INFO 1 --- [           main] i.c.t.s.SchemaStartup                    : SchemaStartup finished.
2023-02-22 19:06:59.592  INFO 1 --- [           main] i.c.t.ImportModuleConfiguration          : Starting module: importer
2023-02-22 19:06:59.592  INFO 1 --- [           main] i.c.t.ArchiverModuleConfiguration        : Starting module: archiver
2023-02-22 19:06:59.598  WARN 1 --- [           main] i.c.t.e.ElasticsearchConnector           : Username and/or password for are empty. Basic authentication for elasticsearch is not used.
2023-02-22 19:06:59.673  INFO 1 --- [           main] i.c.t.w.StartupBean                      : INIT: DONE
2023-02-22 19:06:59.873  INFO 1 --- [           main] i.c.t.z.ZeebeImporter                    : INIT: Start importing data...
2023-02-22 19:07:00.266  INFO 1 --- [           main] i.c.t.z.RecordsReaderHolder              : Starting import for partitions: [1]
2023-02-22 19:07:00.271  INFO 1 --- [           main] i.c.t.z.ImportPositionHolder             : INIT: Start import position updater...
2023-02-22 19:07:00.372  INFO 1 --- [           main] i.c.t.a.ArchiverStarter                  : INIT: Start archiving data...
2023-02-22 19:07:00.372  INFO 1 --- [           main] i.c.t.a.ArchiverStarter                  : Starting archiver for partitions: [1]
2023-02-22 19:07:00.662  INFO 1 --- [           main] i.c.t.w.s.o.IdentityOAuth2WebConfigurer  : Enabled OAuth2 JWT access to Tasklist API
2023-02-22 19:07:00.691  INFO 1 --- [           main] o.s.s.w.DefaultSecurityFilterChain       : Will secure any request with [org.springframework.security.web.context.request.async.WebAsyncManagerIntegrationFilter@339d5e8, org.springframework.security.web.context.SecurityContextPersistenceFilter@7906de2f, org.springframework.security.web.header.HeaderWriterFilter@71d37ecd, org.springframework.security.web.authentication.logout.LogoutFilter@5cb6fac3, org.springframework.security.oauth2.server.resource.web.BearerTokenAuthenticationFilter@39e3da5a, org.springframework.security.web.savedrequest.RequestCacheAwareFilter@2fbc704a, org.springframework.security.web.servletapi.SecurityContextHolderAwareRequestFilter@105d2c27, org.springframework.security.web.authentication.AnonymousAuthenticationFilter@3bd466bd, org.springframework.security.web.session.SessionManagementFilter@3ec8c874, org.springframework.security.web.access.ExceptionTranslationFilter@2623ad23, org.springframework.security.web.access.intercept.FilterSecurityInterceptor@1c027237]
2023-02-22 19:07:01.176  INFO 1 --- [           main] o.s.b.a.w.s.WelcomePageHandlerMapping    : Adding welcome page: class path resource [META-INF/resources/index.html]
2023-02-22 19:07:01.960  INFO 1 --- [           main] o.s.b.a.e.w.EndpointLinksResolver        : Exposing 7 endpoint(s) beneath base path '/actuator'
2023-02-22 19:07:02.005  INFO 1 --- [           main] o.s.b.w.e.t.TomcatWebServer              : Tomcat started on port(s): 8080 (http) with context path ''
2023-02-22 19:07:02.077  INFO 1 --- [           main] i.c.t.Application                        : Started Application in 59.882 seconds (JVM running for 60.89)
2023-02-22 19:07:02.083  INFO 1 --- [           main] i.c.t.s.m.SchemaMigration                : SchemaMigration finished.
2023-02-22 19:29:11.317  INFO 1 --- [nio-8080-exec-1] o.a.c.c.C.[.[.[/]                        : Initializing Spring DispatcherServlet 'dispatcherServlet'
2023-02-22 19:29:11.318  INFO 1 --- [nio-8080-exec-1] o.s.w.s.DispatcherServlet                : Initializing Servlet 'dispatcherServlet'
2023-02-22 19:29:11.319  INFO 1 --- [nio-8080-exec-1] o.s.w.s.DispatcherServlet                : Completed initialization in 1 ms
2023-02-22 19:44:53.629  INFO 1 --- [nio-8080-exec-8] i.c.t.w.s.i.IdentityAuthentication       : Access token is expired
2023-02-22 19:44:53.629  INFO 1 --- [nio-8080-exec-8] i.c.t.w.s.i.IdentityAuthentication       : Get a new access token by using refresh token
2023-02-22 20:27:35.316  WARN 1 --- [nio-8080-exec-4] n.g.e.SimpleDataFetcherExceptionHandler  : Exception while fetching data (/completeTask) : RBAC: access denied

io.camunda.zeebe.client.api.command.ClientStatusException: RBAC: access denied
	at io.camunda.zeebe.client.impl.ZeebeClientFutureImpl.transformExecutionException(ZeebeClientFutureImpl.java:93) ~[zeebe-client-java-8.1.6.jar:8.1.6]
	at io.camunda.zeebe.client.impl.ZeebeClientFutureImpl.join(ZeebeClientFutureImpl.java:50) ~[zeebe-client-java-8.1.6.jar:8.1.6]
	at io.camunda.tasklist.webapp.graphql.mutation.TaskMutationResolver.completeTask(TaskMutationResolver.java:87) ~[classes/:?]
	at io.camunda.tasklist.webapp.graphql.mutation.TaskMutationResolver$$FastClassBySpringCGLIB$$9559172d.invoke(<generated>) ~[classes/:?]
	at org.springframework.cglib.proxy.MethodProxy.invoke(MethodProxy.java:218) ~[spring-core-5.3.20.jar:5.3.20]
	at org.springframework.aop.framework.CglibAopProxy$CglibMethodInvocation.invokeJoinpoint(CglibAopProxy.java:793) ~[spring-aop-5.3.20.jar:5.3.20]
	at org.springframework.aop.framework.ReflectiveMethodInvocation.proceed(ReflectiveMethodInvocation.java:163) ~[spring-aop-5.3.20.jar:5.3.20]
	at org.springframework.aop.framework.CglibAopProxy$CglibMethodInvocation.proceed(CglibAopProxy.java:763) ~[spring-aop-5.3.20.jar:5.3.20]
	at org.springframework.security.access.intercept.aopalliance.MethodSecurityInterceptor.invoke(MethodSecurityInterceptor.java:61) ~[spring-security-core-5.6.9.jar:5.6.9]
	at org.springframework.aop.framework.ReflectiveMethodInvocation.proceed(ReflectiveMethodInvocation.java:186) ~[spring-aop-5.3.20.jar:5.3.20]
	at org.springframework.aop.framework.CglibAopProxy$CglibMethodInvocation.proceed(CglibAopProxy.java:763) ~[spring-aop-5.3.20.jar:5.3.20]
	at org.springframework.aop.framework.CglibAopProxy$DynamicAdvisedInterceptor.intercept(CglibAopProxy.java:708) ~[spring-aop-5.3.20.jar:5.3.20]
	at io.camunda.tasklist.webapp.graphql.mutation.TaskMutationResolver$$EnhancerBySpringCGLIB$$ac39d122.completeTask(<generated>) ~[classes/:?]
	at jdk.internal.reflect.NativeMethodAccessorImpl.invoke0(Native Method) ~[?:?]
	at jdk.internal.reflect.NativeMethodAccessorImpl.invoke(Unknown Source) ~[?:?]
	at jdk.internal.reflect.DelegatingMethodAccessorImpl.invoke(Unknown Source) ~[?:?]
	at java.lang.reflect.Method.invoke(Unknown Source) ~[?:?]
	at graphql.kickstart.tools.resolver.MethodFieldResolverDataFetcher.get(MethodFieldResolver.kt:261) ~[graphql-java-tools-11.0.1.jar:?]
	at graphql.execution.instrumentation.dataloader.DataLoaderDispatcherInstrumentation.lambda$instrumentDataFetcher$0(DataLoaderDispatcherInstrumentation.java:86) ~[graphql-java-16.2.jar:?]
	at graphql.execution.ExecutionStrategy.fetchField(ExecutionStrategy.java:270) ~[graphql-java-16.2.jar:?]
	at graphql.execution.ExecutionStrategy.resolveFieldWithInfo(ExecutionStrategy.java:203) ~[graphql-java-16.2.jar:?]
	at graphql.execution.ExecutionStrategy.resolveField(ExecutionStrategy.java:177) ~[graphql-java-16.2.jar:?]
	at graphql.execution.AsyncSerialExecutionStrategy.lambda$execute$1(AsyncSerialExecutionStrategy.java:43) ~[graphql-java-16.2.jar:?]
	at graphql.execution.Async.eachSequentiallyImpl(Async.java:80) ~[graphql-java-16.2.jar:?]
	at graphql.execution.Async.eachSequentially(Async.java:69) ~[graphql-java-16.2.jar:?]
	at graphql.execution.AsyncSerialExecutionStrategy.execute(AsyncSerialExecutionStrategy.java:38) ~[graphql-java-16.2.jar:?]
	at graphql.execution.Execution.executeOperation(Execution.java:165) ~[graphql-java-16.2.jar:?]
	at graphql.execution.Execution.execute(Execution.java:104) ~[graphql-java-16.2.jar:?]
	at graphql.GraphQL.execute(GraphQL.java:557) ~[graphql-java-16.2.jar:?]
	at graphql.GraphQL.parseValidateAndExecute(GraphQL.java:482) ~[graphql-java-16.2.jar:?]
	at graphql.GraphQL.executeAsync(GraphQL.java:446) ~[graphql-java-16.2.jar:?]
	at graphql.kickstart.execution.GraphQLInvoker.executeAsync(GraphQLInvoker.java:37) ~[graphql-java-kickstart-11.1.1.jar:?]
	at graphql.kickstart.execution.GraphQLInvoker.execute(GraphQLInvoker.java:28) ~[graphql-java-kickstart-11.1.1.jar:?]
	at graphql.kickstart.servlet.HttpRequestInvokerImpl.invoke(HttpRequestInvokerImpl.java:159) ~[graphql-java-servlet-11.1.1.jar:?]
	at graphql.kickstart.servlet.HttpRequestInvokerImpl.lambda$invokeAndHandleAsync$2(HttpRequestInvokerImpl.java:77) ~[graphql-java-servlet-11.1.1.jar:?]
	at org.springframework.security.concurrent.DelegatingSecurityContextRunnable.run(DelegatingSecurityContextRunnable.java:82) ~[spring-security-core-5.6.9.jar:5.6.9]
	at org.apache.catalina.core.AsyncContextImpl$RunnableWrapper.run(AsyncContextImpl.java:548) ~[tomcat-embed-core-9.0.69.jar:9.0.69]
	at org.apache.tomcat.util.threads.ThreadPoolExecutor.runWorker(ThreadPoolExecutor.java:1191) ~[tomcat-embed-core-9.0.69.jar:9.0.69]
	at org.apache.tomcat.util.threads.ThreadPoolExecutor$Worker.run(ThreadPoolExecutor.java:659) ~[tomcat-embed-core-9.0.69.jar:9.0.69]
	at org.apache.tomcat.util.threads.TaskThread$WrappingRunnable.run(TaskThread.java:61) ~[tomcat-embed-core-9.0.69.jar:9.0.69]
	at java.lang.Thread.run(Unknown Source) ~[?:?]
Caused by: java.util.concurrent.ExecutionException: io.grpc.StatusRuntimeException: PERMISSION_DENIED: RBAC: access denied
	at java.util.concurrent.CompletableFuture.reportGet(Unknown Source) ~[?:?]
	at java.util.concurrent.CompletableFuture.get(Unknown Source) ~[?:?]
	at io.camunda.zeebe.client.impl.ZeebeClientFutureImpl.join(ZeebeClientFutureImpl.java:48) ~[zeebe-client-java-8.1.6.jar:8.1.6]
	... 39 more
Caused by: io.grpc.StatusRuntimeException: PERMISSION_DENIED: RBAC: access denied
	at io.grpc.Status.asRuntimeException(Status.java:535) ~[grpc-api-1.49.1.jar:1.49.1]
	at io.grpc.stub.ClientCalls$StreamObserverToCallListenerAdapter.onClose(ClientCalls.java:487) ~[grpc-stub-1.49.1.jar:1.49.1]
	at io.grpc.internal.ClientCallImpl.closeObserver(ClientCallImpl.java:563) ~[grpc-core-1.49.1.jar:1.49.1]
	at io.grpc.internal.ClientCallImpl.access$300(ClientCallImpl.java:70) ~[grpc-core-1.49.1.jar:1.49.1]
	at io.grpc.internal.ClientCallImpl$ClientStreamListenerImpl$1StreamClosed.runInternal(ClientCallImpl.java:744) ~[grpc-core-1.49.1.jar:1.49.1]
	at io.grpc.internal.ClientCallImpl$ClientStreamListenerImpl$1StreamClosed.runInContext(ClientCallImpl.java:723) ~[grpc-core-1.49.1.jar:1.49.1]
	at io.grpc.internal.ContextRunnable.run(ContextRunnable.java:37) ~[grpc-core-1.49.1.jar:1.49.1]
	at io.grpc.internal.SerializingExecutor.run(SerializingExecutor.java:133) ~[grpc-core-1.49.1.jar:1.49.1]
	at java.util.concurrent.ThreadPoolExecutor.runWorker(Unknown Source) ~[?:?]
	at java.util.concurrent.ThreadPoolExecutor$Worker.run(Unknown Source) ~[?:?]
	... 1 more

2023-02-22 20:29:08.362  INFO 1 --- [nio-8080-exec-9] i.c.t.w.s.i.IdentityAuthentication       : Access token is expired
2023-02-22 20:29:08.363  INFO 1 --- [nio-8080-exec-9] i.c.t.w.s.i.IdentityAuthentication       : Get a new access token by using refresh token
2023-02-22 20:34:08.362  INFO 1 --- [nio-8080-exec-4] i.c.t.w.s.i.IdentityAuthentication       : Access token is expired
2023-02-22 20:34:08.363  INFO 1 --- [nio-8080-exec-4] i.c.t.w.s.i.IdentityAuthentication       : Get a new access token by using refresh token
2023-02-22 20:39:08.362  INFO 1 --- [nio-8080-exec-2] i.c.t.w.s.i.IdentityAuthentication       : Access token is expired
2023-02-22 20:39:08.362  INFO 1 --- [nio-8080-exec-2] i.c.t.w.s.i.IdentityAuthentication       : Get a new access token by using refresh token
2023-02-22 20:44:08.362  INFO 1 --- [nio-8080-exec-8] i.c.t.w.s.i.IdentityAuthentication       : Access token is expired
2023-02-22 20:44:08.363  INFO 1 --- [nio-8080-exec-8] i.c.t.w.s.i.IdentityAuthentication       : Get a new access token by using refresh token
2023-02-22 20:49:08.362  INFO 1 --- [nio-8080-exec-8] i.c.t.w.s.i.IdentityAuthentication       : Access token is expired
2023-02-22 20:49:08.363  INFO 1 --- [nio-8080-exec-8] i.c.t.w.s.i.IdentityAuthentication       : Get a new access token by using refresh token
2023-02-22 20:54:08.362  INFO 1 --- [nio-8080-exec-5] i.c.t.w.s.i.IdentityAuthentication       : Access token is expired
2023-02-22 20:54:08.362  INFO 1 --- [nio-8080-exec-5] i.c.t.w.s.i.IdentityAuthentication       : Get a new access token by using refresh token
2023-02-22 20:59:08.362  INFO 1 --- [nio-8080-exec-4] i.c.t.w.s.i.IdentityAuthentication       : Access token is expired
2023-02-22 20:59:08.362  INFO 1 --- [nio-8080-exec-4] i.c.t.w.s.i.IdentityAuthentication       : Get a new access token by using refresh token
2023-02-22 21:03:02.035  WARN 1 --- [io-8080-exec-10] n.g.e.SimpleDataFetcherExceptionHandler  : Exception while fetching data (/completeTask) : RBAC: access denied

io.camunda.zeebe.client.api.command.ClientStatusException: RBAC: access denied
	at io.camunda.zeebe.client.impl.ZeebeClientFutureImpl.transformExecutionException(ZeebeClientFutureImpl.java:93) ~[zeebe-client-java-8.1.6.jar:8.1.6]
	at io.camunda.zeebe.client.impl.ZeebeClientFutureImpl.join(ZeebeClientFutureImpl.java:50) ~[zeebe-client-java-8.1.6.jar:8.1.6]
	at io.camunda.tasklist.webapp.graphql.mutation.TaskMutationResolver.completeTask(TaskMutationResolver.java:87) ~[classes/:?]
	at io.camunda.tasklist.webapp.graphql.mutation.TaskMutationResolver$$FastClassBySpringCGLIB$$9559172d.invoke(<generated>) ~[classes/:?]
	at org.springframework.cglib.proxy.MethodProxy.invoke(MethodProxy.java:218) ~[spring-core-5.3.20.jar:5.3.20]
	at org.springframework.aop.framework.CglibAopProxy$CglibMethodInvocation.invokeJoinpoint(CglibAopProxy.java:793) ~[spring-aop-5.3.20.jar:5.3.20]
	at org.springframework.aop.framework.ReflectiveMethodInvocation.proceed(ReflectiveMethodInvocation.java:163) ~[spring-aop-5.3.20.jar:5.3.20]
	at org.springframework.aop.framework.CglibAopProxy$CglibMethodInvocation.proceed(CglibAopProxy.java:763) ~[spring-aop-5.3.20.jar:5.3.20]
	at org.springframework.security.access.intercept.aopalliance.MethodSecurityInterceptor.invoke(MethodSecurityInterceptor.java:61) ~[spring-security-core-5.6.9.jar:5.6.9]
	at org.springframework.aop.framework.ReflectiveMethodInvocation.proceed(ReflectiveMethodInvocation.java:186) ~[spring-aop-5.3.20.jar:5.3.20]
	at org.springframework.aop.framework.CglibAopProxy$CglibMethodInvocation.proceed(CglibAopProxy.java:763) ~[spring-aop-5.3.20.jar:5.3.20]
	at org.springframework.aop.framework.CglibAopProxy$DynamicAdvisedInterceptor.intercept(CglibAopProxy.java:708) ~[spring-aop-5.3.20.jar:5.3.20]
	at io.camunda.tasklist.webapp.graphql.mutation.TaskMutationResolver$$EnhancerBySpringCGLIB$$ac39d122.completeTask(<generated>) ~[classes/:?]
	at jdk.internal.reflect.NativeMethodAccessorImpl.invoke0(Native Method) ~[?:?]
	at jdk.internal.reflect.NativeMethodAccessorImpl.invoke(Unknown Source) ~[?:?]
	at jdk.internal.reflect.DelegatingMethodAccessorImpl.invoke(Unknown Source) ~[?:?]
	at java.lang.reflect.Method.invoke(Unknown Source) ~[?:?]
	at graphql.kickstart.tools.resolver.MethodFieldResolverDataFetcher.get(MethodFieldResolver.kt:261) ~[graphql-java-tools-11.0.1.jar:?]
	at graphql.execution.instrumentation.dataloader.DataLoaderDispatcherInstrumentation.lambda$instrumentDataFetcher$0(DataLoaderDispatcherInstrumentation.java:86) ~[graphql-java-16.2.jar:?]
	at graphql.execution.ExecutionStrategy.fetchField(ExecutionStrategy.java:270) ~[graphql-java-16.2.jar:?]
	at graphql.execution.ExecutionStrategy.resolveFieldWithInfo(ExecutionStrategy.java:203) ~[graphql-java-16.2.jar:?]
	at graphql.execution.ExecutionStrategy.resolveField(ExecutionStrategy.java:177) ~[graphql-java-16.2.jar:?]
	at graphql.execution.AsyncSerialExecutionStrategy.lambda$execute$1(AsyncSerialExecutionStrategy.java:43) ~[graphql-java-16.2.jar:?]
	at graphql.execution.Async.eachSequentiallyImpl(Async.java:80) ~[graphql-java-16.2.jar:?]
	at graphql.execution.Async.eachSequentially(Async.java:69) ~[graphql-java-16.2.jar:?]
	at graphql.execution.AsyncSerialExecutionStrategy.execute(AsyncSerialExecutionStrategy.java:38) ~[graphql-java-16.2.jar:?]
	at graphql.execution.Execution.executeOperation(Execution.java:165) ~[graphql-java-16.2.jar:?]
	at graphql.execution.Execution.execute(Execution.java:104) ~[graphql-java-16.2.jar:?]
	at graphql.GraphQL.execute(GraphQL.java:557) ~[graphql-java-16.2.jar:?]
	at graphql.GraphQL.parseValidateAndExecute(GraphQL.java:482) ~[graphql-java-16.2.jar:?]
	at graphql.GraphQL.executeAsync(GraphQL.java:446) ~[graphql-java-16.2.jar:?]
	at graphql.kickstart.execution.GraphQLInvoker.executeAsync(GraphQLInvoker.java:37) ~[graphql-java-kickstart-11.1.1.jar:?]
	at graphql.kickstart.execution.GraphQLInvoker.execute(GraphQLInvoker.java:28) ~[graphql-java-kickstart-11.1.1.jar:?]
	at graphql.kickstart.servlet.HttpRequestInvokerImpl.invoke(HttpRequestInvokerImpl.java:159) ~[graphql-java-servlet-11.1.1.jar:?]
	at graphql.kickstart.servlet.HttpRequestInvokerImpl.lambda$invokeAndHandleAsync$2(HttpRequestInvokerImpl.java:77) ~[graphql-java-servlet-11.1.1.jar:?]
	at org.springframework.security.concurrent.DelegatingSecurityContextRunnable.run(DelegatingSecurityContextRunnable.java:82) ~[spring-security-core-5.6.9.jar:5.6.9]
	at org.apache.catalina.core.AsyncContextImpl$RunnableWrapper.run(AsyncContextImpl.java:548) ~[tomcat-embed-core-9.0.69.jar:9.0.69]
	at org.apache.tomcat.util.threads.ThreadPoolExecutor.runWorker(ThreadPoolExecutor.java:1191) ~[tomcat-embed-core-9.0.69.jar:9.0.69]
	at org.apache.tomcat.util.threads.ThreadPoolExecutor$Worker.run(ThreadPoolExecutor.java:659) ~[tomcat-embed-core-9.0.69.jar:9.0.69]
	at org.apache.tomcat.util.threads.TaskThread$WrappingRunnable.run(TaskThread.java:61) ~[tomcat-embed-core-9.0.69.jar:9.0.69]
	at java.lang.Thread.run(Unknown Source) ~[?:?]
Caused by: java.util.concurrent.ExecutionException: io.grpc.StatusRuntimeException: PERMISSION_DENIED: RBAC: access denied
	at java.util.concurrent.CompletableFuture.reportGet(Unknown Source) ~[?:?]
	at java.util.concurrent.CompletableFuture.get(Unknown Source) ~[?:?]
	at io.camunda.zeebe.client.impl.ZeebeClientFutureImpl.join(ZeebeClientFutureImpl.java:48) ~[zeebe-client-java-8.1.6.jar:8.1.6]
	... 39 more
Caused by: io.grpc.StatusRuntimeException: PERMISSION_DENIED: RBAC: access denied
	at io.grpc.Status.asRuntimeException(Status.java:535) ~[grpc-api-1.49.1.jar:1.49.1]
	at io.grpc.stub.ClientCalls$StreamObserverToCallListenerAdapter.onClose(ClientCalls.java:487) ~[grpc-stub-1.49.1.jar:1.49.1]
	at io.grpc.internal.ClientCallImpl.closeObserver(ClientCallImpl.java:563) ~[grpc-core-1.49.1.jar:1.49.1]
	at io.grpc.internal.ClientCallImpl.access$300(ClientCallImpl.java:70) ~[grpc-core-1.49.1.jar:1.49.1]
	at io.grpc.internal.ClientCallImpl$ClientStreamListenerImpl$1StreamClosed.runInternal(ClientCallImpl.java:744) ~[grpc-core-1.49.1.jar:1.49.1]
	at io.grpc.internal.ClientCallImpl$ClientStreamListenerImpl$1StreamClosed.runInContext(ClientCallImpl.java:723) ~[grpc-core-1.49.1.jar:1.49.1]
	at io.grpc.internal.ContextRunnable.run(ContextRunnable.java:37) ~[grpc-core-1.49.1.jar:1.49.1]
	at io.grpc.internal.SerializingExecutor.run(SerializingExecutor.java:133) ~[grpc-core-1.49.1.jar:1.49.1]
	at java.util.concurrent.ThreadPoolExecutor.runWorker(Unknown Source) ~[?:?]
	at java.util.concurrent.ThreadPoolExecutor$Worker.run(Unknown Source) ~[?:?]
	... 1 more

2023-02-22 21:04:11.363  INFO 1 --- [nio-8080-exec-3] i.c.t.w.s.i.IdentityAuthentication       : Access token is expired
2023-02-22 21:04:11.363  INFO 1 --- [nio-8080-exec-3] i.c.t.w.s.i.IdentityAuthentication       : Get a new access token by using refresh token
2023-02-22 21:07:04.103  WARN 1 --- [nio-8080-exec-6] n.g.e.SimpleDataFetcherExceptionHandler  : Exception while fetching data (/completeTask) : RBAC: access denied

io.camunda.zeebe.client.api.command.ClientStatusException: RBAC: access denied
	at io.camunda.zeebe.client.impl.ZeebeClientFutureImpl.transformExecutionException(ZeebeClientFutureImpl.java:93) ~[zeebe-client-java-8.1.6.jar:8.1.6]
	at io.camunda.zeebe.client.impl.ZeebeClientFutureImpl.join(ZeebeClientFutureImpl.java:50) ~[zeebe-client-java-8.1.6.jar:8.1.6]
	at io.camunda.tasklist.webapp.graphql.mutation.TaskMutationResolver.completeTask(TaskMutationResolver.java:87) ~[classes/:?]
	at io.camunda.tasklist.webapp.graphql.mutation.TaskMutationResolver$$FastClassBySpringCGLIB$$9559172d.invoke(<generated>) ~[classes/:?]
	at org.springframework.cglib.proxy.MethodProxy.invoke(MethodProxy.java:218) ~[spring-core-5.3.20.jar:5.3.20]
	at org.springframework.aop.framework.CglibAopProxy$CglibMethodInvocation.invokeJoinpoint(CglibAopProxy.java:793) ~[spring-aop-5.3.20.jar:5.3.20]
	at org.springframework.aop.framework.ReflectiveMethodInvocation.proceed(ReflectiveMethodInvocation.java:163) ~[spring-aop-5.3.20.jar:5.3.20]
	at org.springframework.aop.framework.CglibAopProxy$CglibMethodInvocation.proceed(CglibAopProxy.java:763) ~[spring-aop-5.3.20.jar:5.3.20]
	at org.springframework.security.access.intercept.aopalliance.MethodSecurityInterceptor.invoke(MethodSecurityInterceptor.java:61) ~[spring-security-core-5.6.9.jar:5.6.9]
	at org.springframework.aop.framework.ReflectiveMethodInvocation.proceed(ReflectiveMethodInvocation.java:186) ~[spring-aop-5.3.20.jar:5.3.20]
	at org.springframework.aop.framework.CglibAopProxy$CglibMethodInvocation.proceed(CglibAopProxy.java:763) ~[spring-aop-5.3.20.jar:5.3.20]
	at org.springframework.aop.framework.CglibAopProxy$DynamicAdvisedInterceptor.intercept(CglibAopProxy.java:708) ~[spring-aop-5.3.20.jar:5.3.20]
	at io.camunda.tasklist.webapp.graphql.mutation.TaskMutationResolver$$EnhancerBySpringCGLIB$$ac39d122.completeTask(<generated>) ~[classes/:?]
	at jdk.internal.reflect.NativeMethodAccessorImpl.invoke0(Native Method) ~[?:?]
	at jdk.internal.reflect.NativeMethodAccessorImpl.invoke(Unknown Source) ~[?:?]
	at jdk.internal.reflect.DelegatingMethodAccessorImpl.invoke(Unknown Source) ~[?:?]
	at java.lang.reflect.Method.invoke(Unknown Source) ~[?:?]
	at graphql.kickstart.tools.resolver.MethodFieldResolverDataFetcher.get(MethodFieldResolver.kt:261) ~[graphql-java-tools-11.0.1.jar:?]
	at graphql.execution.instrumentation.dataloader.DataLoaderDispatcherInstrumentation.lambda$instrumentDataFetcher$0(DataLoaderDispatcherInstrumentation.java:86) ~[graphql-java-16.2.jar:?]
	at graphql.execution.ExecutionStrategy.fetchField(ExecutionStrategy.java:270) ~[graphql-java-16.2.jar:?]
	at graphql.execution.ExecutionStrategy.resolveFieldWithInfo(ExecutionStrategy.java:203) ~[graphql-java-16.2.jar:?]
	at graphql.execution.ExecutionStrategy.resolveField(ExecutionStrategy.java:177) ~[graphql-java-16.2.jar:?]
	at graphql.execution.AsyncSerialExecutionStrategy.lambda$execute$1(AsyncSerialExecutionStrategy.java:43) ~[graphql-java-16.2.jar:?]
	at graphql.execution.Async.eachSequentiallyImpl(Async.java:80) ~[graphql-java-16.2.jar:?]
	at graphql.execution.Async.eachSequentially(Async.java:69) ~[graphql-java-16.2.jar:?]
	at graphql.execution.AsyncSerialExecutionStrategy.execute(AsyncSerialExecutionStrategy.java:38) ~[graphql-java-16.2.jar:?]
	at graphql.execution.Execution.executeOperation(Execution.java:165) ~[graphql-java-16.2.jar:?]
	at graphql.execution.Execution.execute(Execution.java:104) ~[graphql-java-16.2.jar:?]
	at graphql.GraphQL.execute(GraphQL.java:557) ~[graphql-java-16.2.jar:?]
	at graphql.GraphQL.parseValidateAndExecute(GraphQL.java:482) ~[graphql-java-16.2.jar:?]
	at graphql.GraphQL.executeAsync(GraphQL.java:446) ~[graphql-java-16.2.jar:?]
	at graphql.kickstart.execution.GraphQLInvoker.executeAsync(GraphQLInvoker.java:37) ~[graphql-java-kickstart-11.1.1.jar:?]
	at graphql.kickstart.execution.GraphQLInvoker.execute(GraphQLInvoker.java:28) ~[graphql-java-kickstart-11.1.1.jar:?]
	at graphql.kickstart.servlet.HttpRequestInvokerImpl.invoke(HttpRequestInvokerImpl.java:159) ~[graphql-java-servlet-11.1.1.jar:?]
	at graphql.kickstart.servlet.HttpRequestInvokerImpl.lambda$invokeAndHandleAsync$2(HttpRequestInvokerImpl.java:77) ~[graphql-java-servlet-11.1.1.jar:?]
	at org.springframework.security.concurrent.DelegatingSecurityContextRunnable.run(DelegatingSecurityContextRunnable.java:82) ~[spring-security-core-5.6.9.jar:5.6.9]
	at org.apache.catalina.core.AsyncContextImpl$RunnableWrapper.run(AsyncContextImpl.java:548) ~[tomcat-embed-core-9.0.69.jar:9.0.69]
	at org.apache.tomcat.util.threads.ThreadPoolExecutor.runWorker(ThreadPoolExecutor.java:1191) ~[tomcat-embed-core-9.0.69.jar:9.0.69]
	at org.apache.tomcat.util.threads.ThreadPoolExecutor$Worker.run(ThreadPoolExecutor.java:659) ~[tomcat-embed-core-9.0.69.jar:9.0.69]
	at org.apache.tomcat.util.threads.TaskThread$WrappingRunnable.run(TaskThread.java:61) ~[tomcat-embed-core-9.0.69.jar:9.0.69]
	at java.lang.Thread.run(Unknown Source) ~[?:?]
Caused by: java.util.concurrent.ExecutionException: io.grpc.StatusRuntimeException: PERMISSION_DENIED: RBAC: access denied
	at java.util.concurrent.CompletableFuture.reportGet(Unknown Source) ~[?:?]
	at java.util.concurrent.CompletableFuture.get(Unknown Source) ~[?:?]
	at io.camunda.zeebe.client.impl.ZeebeClientFutureImpl.join(ZeebeClientFutureImpl.java:48) ~[zeebe-client-java-8.1.6.jar:8.1.6]
	... 39 more
Caused by: io.grpc.StatusRuntimeException: PERMISSION_DENIED: RBAC: access denied
	at io.grpc.Status.asRuntimeException(Status.java:535) ~[grpc-api-1.49.1.jar:1.49.1]
	at io.grpc.stub.ClientCalls$StreamObserverToCallListenerAdapter.onClose(ClientCalls.java:487) ~[grpc-stub-1.49.1.jar:1.49.1]
	at io.grpc.internal.ClientCallImpl.closeObserver(ClientCallImpl.java:563) ~[grpc-core-1.49.1.jar:1.49.1]
	at io.grpc.internal.ClientCallImpl.access$300(ClientCallImpl.java:70) ~[grpc-core-1.49.1.jar:1.49.1]
	at io.grpc.internal.ClientCallImpl$ClientStreamListenerImpl$1StreamClosed.runInternal(ClientCallImpl.java:744) ~[grpc-core-1.49.1.jar:1.49.1]
	at io.grpc.internal.ClientCallImpl$ClientStreamListenerImpl$1StreamClosed.runInContext(ClientCallImpl.java:723) ~[grpc-core-1.49.1.jar:1.49.1]
	at io.grpc.internal.ContextRunnable.run(ContextRunnable.java:37) ~[grpc-core-1.49.1.jar:1.49.1]
	at io.grpc.internal.SerializingExecutor.run(SerializingExecutor.java:133) ~[grpc-core-1.49.1.jar:1.49.1]
	at java.util.concurrent.ThreadPoolExecutor.runWorker(Unknown Source) ~[?:?]
	at java.util.concurrent.ThreadPoolExecutor$Worker.run(Unknown Source) ~[?:?]
	... 1 more

2023-02-22 21:09:13.362  INFO 1 --- [nio-8080-exec-4] i.c.t.w.s.i.IdentityAuthentication       : Access token is expired
2023-02-22 21:09:13.363  INFO 1 --- [nio-8080-exec-4] i.c.t.w.s.i.IdentityAuthentication       : Get a new access token by using refresh token
