host: nginx.dest2.svc.cluster.local
user-agent: curl/7.74.0
accept: */*
x-forwarded-proto: http
x-request-id: aaec80e5-8472-4bdc-9bb6-ec99da80fb66
x-envoy-decorator-operation: nginx.dest2.svc.cluster.local:80/*
x-envoy-peer-metadata: ChkKDkFQUF9DT05UQUlORVJTEgcaBW5naW54ChoKCkNMVVNURVJfSUQSDBoKS3ViZXJuZXRlcwodCgxJTlNUQU5DRV9JUFMSDRoLMTAuMjQ0LjEuNjcKGQoNSVNUSU9fVkVSU0lPThIIGgYxLjE2LjIKoQEKBkxBQkVMUxKWASqTAQoOCgNhcHASBxoFbmdpbngKJAoZc2VjdXJpdHkuaXN0aW8uaW8vdGxzTW9kZRIHGgVpc3RpbwoqCh9zZXJ2aWNlLmlzdGlvLmlvL2Nhbm9uaWNhbC1uYW1lEgcaBW5naW54Ci8KI3NlcnZpY2UuaXN0aW8uaW8vY2Fub25pY2FsLXJldmlzaW9uEggaBmxhdGVzdAoaCgdNRVNIX0lEEg8aDWNsdXN0ZXIubG9jYWwKDwoETkFNRRIHGgVuZ2lueAoSCglOQU1FU1BBQ0USBRoDc3JjCjoKBU9XTkVSEjEaL2t1YmVybmV0ZXM6Ly9hcGlzL3YxL25hbWVzcGFjZXMvZGVzdC9wb2RzL25naW54ChcKEVBMQVRGT1JNX01FVEFEQVRBEgIqAAoYCg1XT1JLTE9BRF9OQU1FEgcaBW5naW54
x-envoy-peer-metadata-id: sidecar~10.244.1.67~nginx.src~src.svc.cluster.local
x-envoy-attempt-count: 1
x-b3-traceid: 3d3a2efb80be40712459944844c7a159
x-b3-spanid: 2459944844c7a159
x-b3-sampled: 0


16:23:35.471207 IP nginx.60768 > 10-244-1-69.nginx.dest2.svc.cluster.local.http: Flags [.], ack 1092, win 501, options [nop,nop,TS val 3653191289 ecr 1707794218], length 0
E..4.<@.@.B.
..C
..E.`.P.y..$..............
..Fye..*
16:23:35.471267 IP nginx.60768 > 10-244-1-69.nginx.dest2.svc.cluster.local.http: Flags [.], ack 1707, win 501, options [nop,nop,TS val 3653191289 ecr 1707794218], length 0
E..4.=@.@.B.
..C
..E.`.P.y..$.1............
..Fye..*