2023-02-23 14:58:37.534 DEBUG 13 --- [       import_2] i.c.o.u.ElasticsearchUtil                : ************* FLUSH BULK START *************
2023-02-23 14:58:37.538 DEBUG 13 --- [       import_2] i.c.o.u.ElasticsearchUtil                : ************* FLUSH BULK FINISH *************
2023-02-23 14:58:38.033 DEBUG 13 --- [nio-8080-exec-5] i.c.o.w.e.w.BatchOperationWriter         : Creating batch operation: operationRequest [CreateBatchOperationRequestDto{query=io.camunda.operate.webapp.rest.dto.listview.ListViewQueryDto@c0944027, operationType=CANCEL_PROCESS_INSTANCE, name='null'}]
2023-02-23 14:58:38.045 DEBUG 13 --- [nio-8080-exec-5] i.c.o.u.ElasticsearchUtil                : ************* FLUSH BULK START *************
2023-02-23 14:58:38.051 DEBUG 13 --- [nio-8080-exec-5] i.c.o.u.ElasticsearchUtil                : ************* FLUSH BULK FINISH *************
2023-02-23 14:58:38.502 DEBUG 13 --- [sition_update_1] i.c.o.u.ElasticsearchUtil                : ************* FLUSH BULK START *************
2023-02-23 14:58:38.505 DEBUG 13 --- [sition_update_1] i.c.o.u.ElasticsearchUtil                : ************* FLUSH BULK FINISH *************
2023-02-23 14:58:39.251 DEBUG 13 --- [       Thread-2] i.c.o.u.ElasticsearchUtil                : ************* FLUSH BULK START *************
2023-02-23 14:58:39.262 DEBUG 13 --- [       Thread-2] i.c.o.u.ElasticsearchUtil                : ************* FLUSH BULK FINISH *************
2023-02-23 14:58:39.262 DEBUG 13 --- [       Thread-2] i.c.o.w.e.w.BatchOperationWriter         : 11 operations locked
2023-02-23 14:58:39.264 DEBUG 13 --- [       Thread-2] i.c.o.w.e.w.BatchOperationWriter         : 0 operations locked
2023-02-23 14:58:39.296 DEBUG 13 --- [tion_executor_3] i.c.o.w.z.o.AbstractOperationHandler     : Operation aa1e480a-299c-49c8-b191-bdfaaf068bc8 failed with message: Unable to process operation: RBAC: access denied 
2023-02-23 14:58:39.296 ERROR 13 --- [tion_executor_3] i.c.o.w.z.o.AbstractOperationHandler     : Unable to process operation with id aa1e480a-299c-49c8-b191-bdfaaf068bc8. Reason: RBAC: access denied. Will NOT be retried.

io.camunda.zeebe.client.api.command.ClientStatusException: RBAC: access denied
	at io.camunda.zeebe.client.impl.ZeebeClientFutureImpl.transformExecutionException(ZeebeClientFutureImpl.java:93) ~[zeebe-client-java-8.1.6.jar!/:8.1.6]
	at io.camunda.zeebe.client.impl.ZeebeClientFutureImpl.join(ZeebeClientFutureImpl.java:50) ~[zeebe-client-java-8.1.6.jar!/:8.1.6]
	at io.camunda.operate.webapp.zeebe.operation.CancelProcessInstanceHandler.handleWithException(CancelProcessInstanceHandler.java:43) ~[classes!/:?]
	at io.camunda.operate.webapp.zeebe.operation.AbstractOperationHandler.handle(AbstractOperationHandler.java:55) ~[classes!/:?]
	at io.camunda.operate.webapp.zeebe.operation.OperationCommand.run(OperationCommand.java:24) ~[classes!/:?]
	at java.util.concurrent.Executors$RunnableAdapter.call(Unknown Source) ~[?:?]
	at java.util.concurrent.FutureTask.run(Unknown Source) ~[?:?]
	at java.util.concurrent.ThreadPoolExecutor.runWorker(Unknown Source) ~[?:?]
	at java.util.concurrent.ThreadPoolExecutor$Worker.run(Unknown Source) ~[?:?]
	at java.lang.Thread.run(Unknown Source) ~[?:?]
Caused by: java.util.concurrent.ExecutionException: io.grpc.StatusRuntimeException: PERMISSION_DENIED: RBAC: access denied
	at java.util.concurrent.CompletableFuture.reportGet(Unknown Source) ~[?:?]
	at java.util.concurrent.CompletableFuture.get(Unknown Source) ~[?:?]
	at io.camunda.zeebe.client.impl.ZeebeClientFutureImpl.join(ZeebeClientFutureImpl.java:48) ~[zeebe-client-java-8.1.6.jar!/:8.1.6]
	... 8 more
Caused by: io.grpc.StatusRuntimeException: PERMISSION_DENIED: RBAC: access denied
	at io.grpc.Status.asRuntimeException(Status.java:535) ~[grpc-api-1.49.1.jar!/:1.49.1]
	at io.grpc.stub.ClientCalls$StreamObserverToCallListenerAdapter.onClose(ClientCalls.java:487) ~[grpc-stub-1.49.1.jar!/:1.49.1]
	at io.grpc.internal.ClientCallImpl.closeObserver(ClientCallImpl.java:563) ~[grpc-core-1.49.1.jar!/:1.49.1]
	at io.grpc.internal.ClientCallImpl.access$300(ClientCallImpl.java:70) ~[grpc-core-1.49.1.jar!/:1.49.1]
	at io.grpc.internal.ClientCallImpl$ClientStreamListenerImpl$1StreamClosed.runInternal(ClientCallImpl.java:744) ~[grpc-core-1.49.1.jar!/:1.49.1]
	at io.grpc.internal.ClientCallImpl$ClientStreamListenerImpl$1StreamClosed.runInContext(ClientCallImpl.java:723) ~[grpc-core-1.49.1.jar!/:1.49.1]
	at io.grpc.internal.ContextRunnable.run(ContextRunnable.java:37) ~[grpc-core-1.49.1.jar!/:1.49.1]
	at io.grpc.internal.SerializingExecutor.run(SerializingExecutor.java:133) ~[grpc-core-1.49.1.jar!/:1.49.1]
	... 3 more

2023-02-23 14:58:39.300 DEBUG 13 --- [tion_executor_2] i.c.o.w.z.o.AbstractOperationHandler     : Operation fb4ae429-a54e-413a-b50b-a998ca4f394a failed with message: Unable to process operation: RBAC: access denied 
2023-02-23 14:58:39.300 DEBUG 13 --- [tion_executor_1] i.c.o.w.z.o.AbstractOperationHandler     : Operation d33894ef-0466-4c44-832c-a3cf88ca55f9 failed with message: Unable to process operation: RBAC: access denied 
2023-02-23 14:58:39.300 ERROR 13 --- [tion_executor_1] i.c.o.w.z.o.AbstractOperationHandler     : Unable to process operation with id d33894ef-0466-4c44-832c-a3cf88ca55f9. Reason: RBAC: access denied. Will NOT be retried.

io.camunda.zeebe.client.api.command.ClientStatusException: RBAC: access denied
	at io.camunda.zeebe.client.impl.ZeebeClientFutureImpl.transformExecutionException(ZeebeClientFutureImpl.java:93) ~[zeebe-client-java-8.1.6.jar!/:8.1.6]
	at io.camunda.zeebe.client.impl.ZeebeClientFutureImpl.join(ZeebeClientFutureImpl.java:50) ~[zeebe-client-java-8.1.6.jar!/:8.1.6]
	at io.camunda.operate.webapp.zeebe.operation.CancelProcessInstanceHandler.handleWithException(CancelProcessInstanceHandler.java:43) ~[classes!/:?]
	at io.camunda.operate.webapp.zeebe.operation.AbstractOperationHandler.handle(AbstractOperationHandler.java:55) ~[classes!/:?]
	at io.camunda.operate.webapp.zeebe.operation.OperationCommand.run(OperationCommand.java:24) ~[classes!/:?]
	at java.util.concurrent.Executors$RunnableAdapter.call(Unknown Source) ~[?:?]
	at java.util.concurrent.FutureTask.run(Unknown Source) ~[?:?]
	at java.util.concurrent.ThreadPoolExecutor.runWorker(Unknown Source) ~[?:?]
	at java.util.concurrent.ThreadPoolExecutor$Worker.run(Unknown Source) ~[?:?]
	at java.lang.Thread.run(Unknown Source) ~[?:?]
Caused by: java.util.concurrent.ExecutionException: io.grpc.StatusRuntimeException: PERMISSION_DENIED: RBAC: access denied
	at java.util.concurrent.CompletableFuture.reportGet(Unknown Source) ~[?:?]
	at java.util.concurrent.CompletableFuture.get(Unknown Source) ~[?:?]
	at io.camunda.zeebe.client.impl.ZeebeClientFutureImpl.join(ZeebeClientFutureImpl.java:48) ~[zeebe-client-java-8.1.6.jar!/:8.1.6]
	... 8 more
Caused by: io.grpc.StatusRuntimeException: PERMISSION_DENIED: RBAC: access denied
	at io.grpc.Status.asRuntimeException(Status.java:535) ~[grpc-api-1.49.1.jar!/:1.49.1]
	at io.grpc.stub.ClientCalls$StreamObserverToCallListenerAdapter.onClose(ClientCalls.java:487) ~[grpc-stub-1.49.1.jar!/:1.49.1]
	at io.grpc.internal.ClientCallImpl.closeObserver(ClientCallImpl.java:563) ~[grpc-core-1.49.1.jar!/:1.49.1]
	at io.grpc.internal.ClientCallImpl.access$300(ClientCallImpl.java:70) ~[grpc-core-1.49.1.jar!/:1.49.1]
	at io.grpc.internal.ClientCallImpl$ClientStreamListenerImpl$1StreamClosed.runInternal(ClientCallImpl.java:744) ~[grpc-core-1.49.1.jar!/:1.49.1]
	at io.grpc.internal.ClientCallImpl$ClientStreamListenerImpl$1StreamClosed.runInContext(ClientCallImpl.java:723) ~[grpc-core-1.49.1.jar!/:1.49.1]
	at io.grpc.internal.ContextRunnable.run(ContextRunnable.java:37) ~[grpc-core-1.49.1.jar!/:1.49.1]
	at io.grpc.internal.SerializingExecutor.run(SerializingExecutor.java:133) ~[grpc-core-1.49.1.jar!/:1.49.1]
	... 3 more

2023-02-23 14:58:39.300 ERROR 13 --- [tion_executor_2] i.c.o.w.z.o.AbstractOperationHandler     : Unable to process operation with id fb4ae429-a54e-413a-b50b-a998ca4f394a. Reason: RBAC: access denied. Will NOT be retried.

io.camunda.zeebe.client.api.command.ClientStatusException: RBAC: access denied
	at io.camunda.zeebe.client.impl.ZeebeClientFutureImpl.transformExecutionException(ZeebeClientFutureImpl.java:93) ~[zeebe-client-java-8.1.6.jar!/:8.1.6]
	at io.camunda.zeebe.client.impl.ZeebeClientFutureImpl.join(ZeebeClientFutureImpl.java:50) ~[zeebe-client-java-8.1.6.jar!/:8.1.6]
	at io.camunda.operate.webapp.zeebe.operation.CancelProcessInstanceHandler.handleWithException(CancelProcessInstanceHandler.java:43) ~[classes!/:?]
	at io.camunda.operate.webapp.zeebe.operation.AbstractOperationHandler.handle(AbstractOperationHandler.java:55) ~[classes!/:?]
	at io.camunda.operate.webapp.zeebe.operation.OperationCommand.run(OperationCommand.java:24) ~[classes!/:?]
	at java.util.concurrent.Executors$RunnableAdapter.call(Unknown Source) ~[?:?]
	at java.util.concurrent.FutureTask.run(Unknown Source) ~[?:?]
	at java.util.concurrent.ThreadPoolExecutor.runWorker(Unknown Source) ~[?:?]
	at java.util.concurrent.ThreadPoolExecutor$Worker.run(Unknown Source) ~[?:?]
	at java.lang.Thread.run(Unknown Source) ~[?:?]
Caused by: java.util.concurrent.ExecutionException: io.grpc.StatusRuntimeException: PERMISSION_DENIED: RBAC: access denied
	at java.util.concurrent.CompletableFuture.reportGet(Unknown Source) ~[?:?]
	at java.util.concurrent.CompletableFuture.get(Unknown Source) ~[?:?]
	at io.camunda.zeebe.client.impl.ZeebeClientFutureImpl.join(ZeebeClientFutureImpl.java:48) ~[zeebe-client-java-8.1.6.jar!/:8.1.6]
	... 8 more
Caused by: io.grpc.StatusRuntimeException: PERMISSION_DENIED: RBAC: access denied
	at io.grpc.Status.asRuntimeException(Status.java:535) ~[grpc-api-1.49.1.jar!/:1.49.1]
	at io.grpc.stub.ClientCalls$StreamObserverToCallListenerAdapter.onClose(ClientCalls.java:487) ~[grpc-stub-1.49.1.jar!/:1.49.1]
	at io.grpc.internal.ClientCallImpl.closeObserver(ClientCallImpl.java:563) ~[grpc-core-1.49.1.jar!/:1.49.1]
	at io.grpc.internal.ClientCallImpl.access$300(ClientCallImpl.java:70) ~[grpc-core-1.49.1.jar!/:1.49.1]
	at io.grpc.internal.ClientCallImpl$ClientStreamListenerImpl$1StreamClosed.runInternal(ClientCallImpl.java:744) ~[grpc-core-1.49.1.jar!/:1.49.1]
	at io.grpc.internal.ClientCallImpl$ClientStreamListenerImpl$1StreamClosed.runInContext(ClientCallImpl.java:723) ~[grpc-core-1.49.1.jar!/:1.49.1]
	at io.grpc.internal.ContextRunnable.run(ContextRunnable.java:37) ~[grpc-core-1.49.1.jar!/:1.49.1]
	at io.grpc.internal.SerializingExecutor.run(SerializingExecutor.java:133) ~[grpc-core-1.49.1.jar!/:1.49.1]
	... 3 more

2023-02-23 14:58:39.317 DEBUG 13 --- [tion_executor_3] i.c.o.w.z.o.AbstractOperationHandler     : Operation f370bd7f-ab1a-4d8b-8bbd-1cbd20bf28e7 failed with message: Unable to process operation: RBAC: access denied 
2023-02-23 14:58:39.317 ERROR 13 --- [tion_executor_3] i.c.o.w.z.o.AbstractOperationHandler     : Unable to process operation with id f370bd7f-ab1a-4d8b-8bbd-1cbd20bf28e7. Reason: RBAC: access denied. Will NOT be retried.

io.camunda.zeebe.client.api.command.ClientStatusException: RBAC: access denied
	at io.camunda.zeebe.client.impl.ZeebeClientFutureImpl.transformExecutionException(ZeebeClientFutureImpl.java:93) ~[zeebe-client-java-8.1.6.jar!/:8.1.6]
	at io.camunda.zeebe.client.impl.ZeebeClientFutureImpl.join(ZeebeClientFutureImpl.java:50) ~[zeebe-client-java-8.1.6.jar!/:8.1.6]
	at io.camunda.operate.webapp.zeebe.operation.CancelProcessInstanceHandler.handleWithException(CancelProcessInstanceHandler.java:43) ~[classes!/:?]
	at io.camunda.operate.webapp.zeebe.operation.AbstractOperationHandler.handle(AbstractOperationHandler.java:55) ~[classes!/:?]
	at io.camunda.operate.webapp.zeebe.operation.OperationCommand.run(OperationCommand.java:24) ~[classes!/:?]
	at java.util.concurrent.Executors$RunnableAdapter.call(Unknown Source) ~[?:?]
	at java.util.concurrent.FutureTask.run(Unknown Source) ~[?:?]
	at java.util.concurrent.ThreadPoolExecutor.runWorker(Unknown Source) ~[?:?]
	at java.util.concurrent.ThreadPoolExecutor$Worker.run(Unknown Source) ~[?:?]
	at java.lang.Thread.run(Unknown Source) ~[?:?]
Caused by: java.util.concurrent.ExecutionException: io.grpc.StatusRuntimeException: PERMISSION_DENIED: RBAC: access denied
	at java.util.concurrent.CompletableFuture.reportGet(Unknown Source) ~[?:?]
	at java.util.concurrent.CompletableFuture.get(Unknown Source) ~[?:?]
	at io.camunda.zeebe.client.impl.ZeebeClientFutureImpl.join(ZeebeClientFutureImpl.java:48) ~[zeebe-client-java-8.1.6.jar!/:8.1.6]
	... 8 more
Caused by: io.grpc.StatusRuntimeException: PERMISSION_DENIED: RBAC: access denied
	at io.grpc.Status.asRuntimeException(Status.java:535) ~[grpc-api-1.49.1.jar!/:1.49.1]
	at io.grpc.stub.ClientCalls$StreamObserverToCallListenerAdapter.onClose(ClientCalls.java:487) ~[grpc-stub-1.49.1.jar!/:1.49.1]
	at io.grpc.internal.ClientCallImpl.closeObserver(ClientCallImpl.java:563) ~[grpc-core-1.49.1.jar!/:1.49.1]
	at io.grpc.internal.ClientCallImpl.access$300(ClientCallImpl.java:70) ~[grpc-core-1.49.1.jar!/:1.49.1]
	at io.grpc.internal.ClientCallImpl$ClientStreamListenerImpl$1StreamClosed.runInternal(ClientCallImpl.java:744) ~[grpc-core-1.49.1.jar!/:1.49.1]
	at io.grpc.internal.ClientCallImpl$ClientStreamListenerImpl$1StreamClosed.runInContext(ClientCallImpl.java:723) ~[grpc-core-1.49.1.jar!/:1.49.1]
	at io.grpc.internal.ContextRunnable.run(ContextRunnable.java:37) ~[grpc-core-1.49.1.jar!/:1.49.1]
	at io.grpc.internal.SerializingExecutor.run(SerializingExecutor.java:133) ~[grpc-core-1.49.1.jar!/:1.49.1]
	... 3 more

2023-02-23 14:58:39.322 DEBUG 13 --- [tion_executor_1] i.c.o.w.z.o.AbstractOperationHandler     : Operation 28850f37-0f4f-4059-a1dd-7a0ebbade17d failed with message: Unable to process operation: RBAC: access denied 
2023-02-23 14:58:39.322 ERROR 13 --- [tion_executor_1] i.c.o.w.z.o.AbstractOperationHandler     : Unable to process operation with id 28850f37-0f4f-4059-a1dd-7a0ebbade17d. Reason: RBAC: access denied. Will NOT be retried.

io.camunda.zeebe.client.api.command.ClientStatusException: RBAC: access denied
	at io.camunda.zeebe.client.impl.ZeebeClientFutureImpl.transformExecutionException(ZeebeClientFutureImpl.java:93) ~[zeebe-client-java-8.1.6.jar!/:8.1.6]
	at io.camunda.zeebe.client.impl.ZeebeClientFutureImpl.join(ZeebeClientFutureImpl.java:50) ~[zeebe-client-java-8.1.6.jar!/:8.1.6]
	at io.camunda.operate.webapp.zeebe.operation.CancelProcessInstanceHandler.handleWithException(CancelProcessInstanceHandler.java:43) ~[classes!/:?]
	at io.camunda.operate.webapp.zeebe.operation.AbstractOperationHandler.handle(AbstractOperationHandler.java:55) ~[classes!/:?]
	at io.camunda.operate.webapp.zeebe.operation.OperationCommand.run(OperationCommand.java:24) ~[classes!/:?]
	at java.util.concurrent.Executors$RunnableAdapter.call(Unknown Source) ~[?:?]
	at java.util.concurrent.FutureTask.run(Unknown Source) ~[?:?]
	at java.util.concurrent.ThreadPoolExecutor.runWorker(Unknown Source) ~[?:?]
	at java.util.concurrent.ThreadPoolExecutor$Worker.run(Unknown Source) ~[?:?]
	at java.lang.Thread.run(Unknown Source) ~[?:?]
Caused by: java.util.concurrent.ExecutionException: io.grpc.StatusRuntimeException: PERMISSION_DENIED: RBAC: access denied
	at java.util.concurrent.CompletableFuture.reportGet(Unknown Source) ~[?:?]
	at java.util.concurrent.CompletableFuture.get(Unknown Source) ~[?:?]
	at io.camunda.zeebe.client.impl.ZeebeClientFutureImpl.join(ZeebeClientFutureImpl.java:48) ~[zeebe-client-java-8.1.6.jar!/:8.1.6]
	... 8 more
Caused by: io.grpc.StatusRuntimeException: PERMISSION_DENIED: RBAC: access denied
	at io.grpc.Status.asRuntimeException(Status.java:535) ~[grpc-api-1.49.1.jar!/:1.49.1]
	at io.grpc.stub.ClientCalls$StreamObserverToCallListenerAdapter.onClose(ClientCalls.java:487) ~[grpc-stub-1.49.1.jar!/:1.49.1]
	at io.grpc.internal.ClientCallImpl.closeObserver(ClientCallImpl.java:563) ~[grpc-core-1.49.1.jar!/:1.49.1]
	at io.grpc.internal.ClientCallImpl.access$300(ClientCallImpl.java:70) ~[grpc-core-1.49.1.jar!/:1.49.1]
	at io.grpc.internal.ClientCallImpl$ClientStreamListenerImpl$1StreamClosed.runInternal(ClientCallImpl.java:744) ~[grpc-core-1.49.1.jar!/:1.49.1]
	at io.grpc.internal.ClientCallImpl$ClientStreamListenerImpl$1StreamClosed.runInContext(ClientCallImpl.java:723) ~[grpc-core-1.49.1.jar!/:1.49.1]
	at io.grpc.internal.ContextRunnable.run(ContextRunnable.java:37) ~[grpc-core-1.49.1.jar!/:1.49.1]
	at io.grpc.internal.SerializingExecutor.run(SerializingExecutor.java:133) ~[grpc-core-1.49.1.jar!/:1.49.1]
	... 3 more

2023-02-23 14:58:39.326 DEBUG 13 --- [tion_executor_2] i.c.o.w.z.o.AbstractOperationHandler     : Operation f1f88eba-7611-44c1-b0af-0af2f4d15327 failed with message: Unable to process operation: RBAC: access denied 
2023-02-23 14:58:39.326 ERROR 13 --- [tion_executor_2] i.c.o.w.z.o.AbstractOperationHandler     : Unable to process operation with id f1f88eba-7611-44c1-b0af-0af2f4d15327. Reason: RBAC: access denied. Will NOT be retried.

io.camunda.zeebe.client.api.command.ClientStatusException: RBAC: access denied
	at io.camunda.zeebe.client.impl.ZeebeClientFutureImpl.transformExecutionException(ZeebeClientFutureImpl.java:93) ~[zeebe-client-java-8.1.6.jar!/:8.1.6]
	at io.camunda.zeebe.client.impl.ZeebeClientFutureImpl.join(ZeebeClientFutureImpl.java:50) ~[zeebe-client-java-8.1.6.jar!/:8.1.6]
	at io.camunda.operate.webapp.zeebe.operation.CancelProcessInstanceHandler.handleWithException(CancelProcessInstanceHandler.java:43) ~[classes!/:?]
	at io.camunda.operate.webapp.zeebe.operation.AbstractOperationHandler.handle(AbstractOperationHandler.java:55) ~[classes!/:?]
	at io.camunda.operate.webapp.zeebe.operation.OperationCommand.run(OperationCommand.java:24) ~[classes!/:?]
	at java.util.concurrent.Executors$RunnableAdapter.call(Unknown Source) ~[?:?]
	at java.util.concurrent.FutureTask.run(Unknown Source) ~[?:?]
	at java.util.concurrent.ThreadPoolExecutor.runWorker(Unknown Source) ~[?:?]
	at java.util.concurrent.ThreadPoolExecutor$Worker.run(Unknown Source) ~[?:?]
	at java.lang.Thread.run(Unknown Source) ~[?:?]
Caused by: java.util.concurrent.ExecutionException: io.grpc.StatusRuntimeException: PERMISSION_DENIED: RBAC: access denied
	at java.util.concurrent.CompletableFuture.reportGet(Unknown Source) ~[?:?]
	at java.util.concurrent.CompletableFuture.get(Unknown Source) ~[?:?]
	at io.camunda.zeebe.client.impl.ZeebeClientFutureImpl.join(ZeebeClientFutureImpl.java:48) ~[zeebe-client-java-8.1.6.jar!/:8.1.6]
	... 8 more
Caused by: io.grpc.StatusRuntimeException: PERMISSION_DENIED: RBAC: access denied
	at io.grpc.Status.asRuntimeException(Status.java:535) ~[grpc-api-1.49.1.jar!/:1.49.1]
	at io.grpc.stub.ClientCalls$StreamObserverToCallListenerAdapter.onClose(ClientCalls.java:487) ~[grpc-stub-1.49.1.jar!/:1.49.1]
	at io.grpc.internal.ClientCallImpl.closeObserver(ClientCallImpl.java:563) ~[grpc-core-1.49.1.jar!/:1.49.1]
	at io.grpc.internal.ClientCallImpl.access$300(ClientCallImpl.java:70) ~[grpc-core-1.49.1.jar!/:1.49.1]
	at io.grpc.internal.ClientCallImpl$ClientStreamListenerImpl$1StreamClosed.runInternal(ClientCallImpl.java:744) ~[grpc-core-1.49.1.jar!/:1.49.1]
	at io.grpc.internal.ClientCallImpl$ClientStreamListenerImpl$1StreamClosed.runInContext(ClientCallImpl.java:723) ~[grpc-core-1.49.1.jar!/:1.49.1]
	at io.grpc.internal.ContextRunnable.run(ContextRunnable.java:37) ~[grpc-core-1.49.1.jar!/:1.49.1]
	at io.grpc.internal.SerializingExecutor.run(SerializingExecutor.java:133) ~[grpc-core-1.49.1.jar!/:1.49.1]
	... 3 more

2023-02-23 14:58:39.334 DEBUG 13 --- [tion_executor_3] i.c.o.w.z.o.AbstractOperationHandler     : Operation d475d984-ddaa-4255-8d53-e3bbd770a90b failed with message: Unable to process operation: RBAC: access denied 
2023-02-23 14:58:39.334 ERROR 13 --- [tion_executor_3] i.c.o.w.z.o.AbstractOperationHandler     : Unable to process operation with id d475d984-ddaa-4255-8d53-e3bbd770a90b. Reason: RBAC: access denied. Will NOT be retried.

io.camunda.zeebe.client.api.command.ClientStatusException: RBAC: access denied
	at io.camunda.zeebe.client.impl.ZeebeClientFutureImpl.transformExecutionException(ZeebeClientFutureImpl.java:93) ~[zeebe-client-java-8.1.6.jar!/:8.1.6]
	at io.camunda.zeebe.client.impl.ZeebeClientFutureImpl.join(ZeebeClientFutureImpl.java:50) ~[zeebe-client-java-8.1.6.jar!/:8.1.6]
	at io.camunda.operate.webapp.zeebe.operation.CancelProcessInstanceHandler.handleWithException(CancelProcessInstanceHandler.java:43) ~[classes!/:?]
	at io.camunda.operate.webapp.zeebe.operation.AbstractOperationHandler.handle(AbstractOperationHandler.java:55) ~[classes!/:?]
	at io.camunda.operate.webapp.zeebe.operation.OperationCommand.run(OperationCommand.java:24) ~[classes!/:?]
	at java.util.concurrent.Executors$RunnableAdapter.call(Unknown Source) ~[?:?]
	at java.util.concurrent.FutureTask.run(Unknown Source) ~[?:?]
	at java.util.concurrent.ThreadPoolExecutor.runWorker(Unknown Source) ~[?:?]
	at java.util.concurrent.ThreadPoolExecutor$Worker.run(Unknown Source) ~[?:?]
	at java.lang.Thread.run(Unknown Source) ~[?:?]
Caused by: java.util.concurrent.ExecutionException: io.grpc.StatusRuntimeException: PERMISSION_DENIED: RBAC: access denied
	at java.util.concurrent.CompletableFuture.reportGet(Unknown Source) ~[?:?]
	at java.util.concurrent.CompletableFuture.get(Unknown Source) ~[?:?]
	at io.camunda.zeebe.client.impl.ZeebeClientFutureImpl.join(ZeebeClientFutureImpl.java:48) ~[zeebe-client-java-8.1.6.jar!/:8.1.6]
	... 8 more
Caused by: io.grpc.StatusRuntimeException: PERMISSION_DENIED: RBAC: access denied
	at io.grpc.Status.asRuntimeException(Status.java:535) ~[grpc-api-1.49.1.jar!/:1.49.1]
	at io.grpc.stub.ClientCalls$StreamObserverToCallListenerAdapter.onClose(ClientCalls.java:487) ~[grpc-stub-1.49.1.jar!/:1.49.1]
	at io.grpc.internal.ClientCallImpl.closeObserver(ClientCallImpl.java:563) ~[grpc-core-1.49.1.jar!/:1.49.1]
	at io.grpc.internal.ClientCallImpl.access$300(ClientCallImpl.java:70) ~[grpc-core-1.49.1.jar!/:1.49.1]
	at io.grpc.internal.ClientCallImpl$ClientStreamListenerImpl$1StreamClosed.runInternal(ClientCallImpl.java:744) ~[grpc-core-1.49.1.jar!/:1.49.1]
	at io.grpc.internal.ClientCallImpl$ClientStreamListenerImpl$1StreamClosed.runInContext(ClientCallImpl.java:723) ~[grpc-core-1.49.1.jar!/:1.49.1]
	at io.grpc.internal.ContextRunnable.run(ContextRunnable.java:37) ~[grpc-core-1.49.1.jar!/:1.49.1]
	at io.grpc.internal.SerializingExecutor.run(SerializingExecutor.java:133) ~[grpc-core-1.49.1.jar!/:1.49.1]
	... 3 more

2023-02-23 14:58:39.338 DEBUG 13 --- [tion_executor_1] i.c.o.w.z.o.AbstractOperationHandler     : Operation dcf94691-0241-4476-97f3-7211cd418299 failed with message: Unable to process operation: RBAC: access denied 
2023-02-23 14:58:39.338 ERROR 13 --- [tion_executor_1] i.c.o.w.z.o.AbstractOperationHandler     : Unable to process operation with id dcf94691-0241-4476-97f3-7211cd418299. Reason: RBAC: access denied. Will NOT be retried.

io.camunda.zeebe.client.api.command.ClientStatusException: RBAC: access denied
	at io.camunda.zeebe.client.impl.ZeebeClientFutureImpl.transformExecutionException(ZeebeClientFutureImpl.java:93) ~[zeebe-client-java-8.1.6.jar!/:8.1.6]
	at io.camunda.zeebe.client.impl.ZeebeClientFutureImpl.join(ZeebeClientFutureImpl.java:50) ~[zeebe-client-java-8.1.6.jar!/:8.1.6]
	at io.camunda.operate.webapp.zeebe.operation.CancelProcessInstanceHandler.handleWithException(CancelProcessInstanceHandler.java:43) ~[classes!/:?]
	at io.camunda.operate.webapp.zeebe.operation.AbstractOperationHandler.handle(AbstractOperationHandler.java:55) ~[classes!/:?]
	at io.camunda.operate.webapp.zeebe.operation.OperationCommand.run(OperationCommand.java:24) ~[classes!/:?]
	at java.util.concurrent.Executors$RunnableAdapter.call(Unknown Source) ~[?:?]
	at java.util.concurrent.FutureTask.run(Unknown Source) ~[?:?]
	at java.util.concurrent.ThreadPoolExecutor.runWorker(Unknown Source) ~[?:?]
	at java.util.concurrent.ThreadPoolExecutor$Worker.run(Unknown Source) ~[?:?]
	at java.lang.Thread.run(Unknown Source) ~[?:?]
Caused by: java.util.concurrent.ExecutionException: io.grpc.StatusRuntimeException: PERMISSION_DENIED: RBAC: access denied
	at java.util.concurrent.CompletableFuture.reportGet(Unknown Source) ~[?:?]
	at java.util.concurrent.CompletableFuture.get(Unknown Source) ~[?:?]
	at io.camunda.zeebe.client.impl.ZeebeClientFutureImpl.join(ZeebeClientFutureImpl.java:48) ~[zeebe-client-java-8.1.6.jar!/:8.1.6]
	... 8 more
Caused by: io.grpc.StatusRuntimeException: PERMISSION_DENIED: RBAC: access denied
	at io.grpc.Status.asRuntimeException(Status.java:535) ~[grpc-api-1.49.1.jar!/:1.49.1]
	at io.grpc.stub.ClientCalls$StreamObserverToCallListenerAdapter.onClose(ClientCalls.java:487) ~[grpc-stub-1.49.1.jar!/:1.49.1]
	at io.grpc.internal.ClientCallImpl.closeObserver(ClientCallImpl.java:563) ~[grpc-core-1.49.1.jar!/:1.49.1]
	at io.grpc.internal.ClientCallImpl.access$300(ClientCallImpl.java:70) ~[grpc-core-1.49.1.jar!/:1.49.1]
	at io.grpc.internal.ClientCallImpl$ClientStreamListenerImpl$1StreamClosed.runInternal(ClientCallImpl.java:744) ~[grpc-core-1.49.1.jar!/:1.49.1]
	at io.grpc.internal.ClientCallImpl$ClientStreamListenerImpl$1StreamClosed.runInContext(ClientCallImpl.java:723) ~[grpc-core-1.49.1.jar!/:1.49.1]
	at io.grpc.internal.ContextRunnable.run(ContextRunnable.java:37) ~[grpc-core-1.49.1.jar!/:1.49.1]
	at io.grpc.internal.SerializingExecutor.run(SerializingExecutor.java:133) ~[grpc-core-1.49.1.jar!/:1.49.1]
	... 3 more

2023-02-23 14:58:39.347 DEBUG 13 --- [tion_executor_2] i.c.o.w.z.o.AbstractOperationHandler     : Operation 0c6ad618-d164-4827-ab88-6b681c92bca3 failed with message: Unable to process operation: RBAC: access denied 
2023-02-23 14:58:39.347 ERROR 13 --- [tion_executor_2] i.c.o.w.z.o.AbstractOperationHandler     : Unable to process operation with id 0c6ad618-d164-4827-ab88-6b681c92bca3. Reason: RBAC: access denied. Will NOT be retried.

io.camunda.zeebe.client.api.command.ClientStatusException: RBAC: access denied
	at io.camunda.zeebe.client.impl.ZeebeClientFutureImpl.transformExecutionException(ZeebeClientFutureImpl.java:93) ~[zeebe-client-java-8.1.6.jar!/:8.1.6]
	at io.camunda.zeebe.client.impl.ZeebeClientFutureImpl.join(ZeebeClientFutureImpl.java:50) ~[zeebe-client-java-8.1.6.jar!/:8.1.6]
	at io.camunda.operate.webapp.zeebe.operation.CancelProcessInstanceHandler.handleWithException(CancelProcessInstanceHandler.java:43) ~[classes!/:?]
	at io.camunda.operate.webapp.zeebe.operation.AbstractOperationHandler.handle(AbstractOperationHandler.java:55) ~[classes!/:?]
	at io.camunda.operate.webapp.zeebe.operation.OperationCommand.run(OperationCommand.java:24) ~[classes!/:?]
	at java.util.concurrent.Executors$RunnableAdapter.call(Unknown Source) ~[?:?]
	at java.util.concurrent.FutureTask.run(Unknown Source) ~[?:?]
	at java.util.concurrent.ThreadPoolExecutor.runWorker(Unknown Source) ~[?:?]
	at java.util.concurrent.ThreadPoolExecutor$Worker.run(Unknown Source) ~[?:?]
	at java.lang.Thread.run(Unknown Source) ~[?:?]
Caused by: java.util.concurrent.ExecutionException: io.grpc.StatusRuntimeException: PERMISSION_DENIED: RBAC: access denied
	at java.util.concurrent.CompletableFuture.reportGet(Unknown Source) ~[?:?]
	at java.util.concurrent.CompletableFuture.get(Unknown Source) ~[?:?]
	at io.camunda.zeebe.client.impl.ZeebeClientFutureImpl.join(ZeebeClientFutureImpl.java:48) ~[zeebe-client-java-8.1.6.jar!/:8.1.6]
	... 8 more
Caused by: io.grpc.StatusRuntimeException: PERMISSION_DENIED: RBAC: access denied
	at io.grpc.Status.asRuntimeException(Status.java:535) ~[grpc-api-1.49.1.jar!/:1.49.1]
	at io.grpc.stub.ClientCalls$StreamObserverToCallListenerAdapter.onClose(ClientCalls.java:487) ~[grpc-stub-1.49.1.jar!/:1.49.1]
	at io.grpc.internal.ClientCallImpl.closeObserver(ClientCallImpl.java:563) ~[grpc-core-1.49.1.jar!/:1.49.1]
	at io.grpc.internal.ClientCallImpl.access$300(ClientCallImpl.java:70) ~[grpc-core-1.49.1.jar!/:1.49.1]
	at io.grpc.internal.ClientCallImpl$ClientStreamListenerImpl$1StreamClosed.runInternal(ClientCallImpl.java:744) ~[grpc-core-1.49.1.jar!/:1.49.1]
	at io.grpc.internal.ClientCallImpl$ClientStreamListenerImpl$1StreamClosed.runInContext(ClientCallImpl.java:723) ~[grpc-core-1.49.1.jar!/:1.49.1]
	at io.grpc.internal.ContextRunnable.run(ContextRunnable.java:37) ~[grpc-core-1.49.1.jar!/:1.49.1]
	at io.grpc.internal.SerializingExecutor.run(SerializingExecutor.java:133) ~[grpc-core-1.49.1.jar!/:1.49.1]
	... 3 more

2023-02-23 14:58:39.352 DEBUG 13 --- [tion_executor_3] i.c.o.w.z.o.AbstractOperationHandler     : Operation 8a7e4f71-4a41-4918-bc79-3b7fb529f2e8 failed with message: Unable to process operation: RBAC: access denied 
2023-02-23 14:58:39.352 ERROR 13 --- [tion_executor_3] i.c.o.w.z.o.AbstractOperationHandler     : Unable to process operation with id 8a7e4f71-4a41-4918-bc79-3b7fb529f2e8. Reason: RBAC: access denied. Will NOT be retried.

io.camunda.zeebe.client.api.command.ClientStatusException: RBAC: access denied
	at io.camunda.zeebe.client.impl.ZeebeClientFutureImpl.transformExecutionException(ZeebeClientFutureImpl.java:93) ~[zeebe-client-java-8.1.6.jar!/:8.1.6]
	at io.camunda.zeebe.client.impl.ZeebeClientFutureImpl.join(ZeebeClientFutureImpl.java:50) ~[zeebe-client-java-8.1.6.jar!/:8.1.6]
	at io.camunda.operate.webapp.zeebe.operation.CancelProcessInstanceHandler.handleWithException(CancelProcessInstanceHandler.java:43) ~[classes!/:?]
	at io.camunda.operate.webapp.zeebe.operation.AbstractOperationHandler.handle(AbstractOperationHandler.java:55) ~[classes!/:?]
	at io.camunda.operate.webapp.zeebe.operation.OperationCommand.run(OperationCommand.java:24) ~[classes!/:?]
	at java.util.concurrent.Executors$RunnableAdapter.call(Unknown Source) ~[?:?]
	at java.util.concurrent.FutureTask.run(Unknown Source) ~[?:?]
	at java.util.concurrent.ThreadPoolExecutor.runWorker(Unknown Source) ~[?:?]
	at java.util.concurrent.ThreadPoolExecutor$Worker.run(Unknown Source) ~[?:?]
	at java.lang.Thread.run(Unknown Source) ~[?:?]
Caused by: java.util.concurrent.ExecutionException: io.grpc.StatusRuntimeException: PERMISSION_DENIED: RBAC: access denied
	at java.util.concurrent.CompletableFuture.reportGet(Unknown Source) ~[?:?]
	at java.util.concurrent.CompletableFuture.get(Unknown Source) ~[?:?]
	at io.camunda.zeebe.client.impl.ZeebeClientFutureImpl.join(ZeebeClientFutureImpl.java:48) ~[zeebe-client-java-8.1.6.jar!/:8.1.6]
	... 8 more
Caused by: io.grpc.StatusRuntimeException: PERMISSION_DENIED: RBAC: access denied
	at io.grpc.Status.asRuntimeException(Status.java:535) ~[grpc-api-1.49.1.jar!/:1.49.1]
	at io.grpc.stub.ClientCalls$StreamObserverToCallListenerAdapter.onClose(ClientCalls.java:487) ~[grpc-stub-1.49.1.jar!/:1.49.1]
	at io.grpc.internal.ClientCallImpl.closeObserver(ClientCallImpl.java:563) ~[grpc-core-1.49.1.jar!/:1.49.1]
	at io.grpc.internal.ClientCallImpl.access$300(ClientCallImpl.java:70) ~[grpc-core-1.49.1.jar!/:1.49.1]
	at io.grpc.internal.ClientCallImpl$ClientStreamListenerImpl$1StreamClosed.runInternal(ClientCallImpl.java:744) ~[grpc-core-1.49.1.jar!/:1.49.1]
	at io.grpc.internal.ClientCallImpl$ClientStreamListenerImpl$1StreamClosed.runInContext(ClientCallImpl.java:723) ~[grpc-core-1.49.1.jar!/:1.49.1]
	at io.grpc.internal.ContextRunnable.run(ContextRunnable.java:37) ~[grpc-core-1.49.1.jar!/:1.49.1]
	at io.grpc.internal.SerializingExecutor.run(SerializingExecutor.java:133) ~[grpc-core-1.49.1.jar!/:1.49.1]
	... 3 more

2023-02-23 14:58:39.355 DEBUG 13 --- [tion_executor_1] i.c.o.w.z.o.AbstractOperationHandler     : Operation e325012c-ab72-4003-9133-5aa08265ea93 failed with message: Unable to process operation: RBAC: access denied 
2023-02-23 14:58:39.355 ERROR 13 --- [tion_executor_1] i.c.o.w.z.o.AbstractOperationHandler     : Unable to process operation with id e325012c-ab72-4003-9133-5aa08265ea93. Reason: RBAC: access denied. Will NOT be retried.

io.camunda.zeebe.client.api.command.ClientStatusException: RBAC: access denied
	at io.camunda.zeebe.client.impl.ZeebeClientFutureImpl.transformExecutionException(ZeebeClientFutureImpl.java:93) ~[zeebe-client-java-8.1.6.jar!/:8.1.6]
	at io.camunda.zeebe.client.impl.ZeebeClientFutureImpl.join(ZeebeClientFutureImpl.java:50) ~[zeebe-client-java-8.1.6.jar!/:8.1.6]
	at io.camunda.operate.webapp.zeebe.operation.CancelProcessInstanceHandler.handleWithException(CancelProcessInstanceHandler.java:43) ~[classes!/:?]
	at io.camunda.operate.webapp.zeebe.operation.AbstractOperationHandler.handle(AbstractOperationHandler.java:55) ~[classes!/:?]
	at io.camunda.operate.webapp.zeebe.operation.OperationCommand.run(OperationCommand.java:24) ~[classes!/:?]
	at java.util.concurrent.Executors$RunnableAdapter.call(Unknown Source) ~[?:?]
	at java.util.concurrent.FutureTask.run(Unknown Source) ~[?:?]
	at java.util.concurrent.ThreadPoolExecutor.runWorker(Unknown Source) ~[?:?]
	at java.util.concurrent.ThreadPoolExecutor$Worker.run(Unknown Source) ~[?:?]
	at java.lang.Thread.run(Unknown Source) ~[?:?]
Caused by: java.util.concurrent.ExecutionException: io.grpc.StatusRuntimeException: PERMISSION_DENIED: RBAC: access denied
	at java.util.concurrent.CompletableFuture.reportGet(Unknown Source) ~[?:?]
	at java.util.concurrent.CompletableFuture.get(Unknown Source) ~[?:?]
	at io.camunda.zeebe.client.impl.ZeebeClientFutureImpl.join(ZeebeClientFutureImpl.java:48) ~[zeebe-client-java-8.1.6.jar!/:8.1.6]
	... 8 more
Caused by: io.grpc.StatusRuntimeException: PERMISSION_DENIED: RBAC: access denied
	at io.grpc.Status.asRuntimeException(Status.java:535) ~[grpc-api-1.49.1.jar!/:1.49.1]
	at io.grpc.stub.ClientCalls$StreamObserverToCallListenerAdapter.onClose(ClientCalls.java:487) ~[grpc-stub-1.49.1.jar!/:1.49.1]
	at io.grpc.internal.ClientCallImpl.closeObserver(ClientCallImpl.java:563) ~[grpc-core-1.49.1.jar!/:1.49.1]
	at io.grpc.internal.ClientCallImpl.access$300(ClientCallImpl.java:70) ~[grpc-core-1.49.1.jar!/:1.49.1]
	at io.grpc.internal.ClientCallImpl$ClientStreamListenerImpl$1StreamClosed.runInternal(ClientCallImpl.java:744) ~[grpc-core-1.49.1.jar!/:1.49.1]
	at io.grpc.internal.ClientCallImpl$ClientStreamListenerImpl$1StreamClosed.runInContext(ClientCallImpl.java:723) ~[grpc-core-1.49.1.jar!/:1.49.1]
	at io.grpc.internal.ContextRunnable.run(ContextRunnable.java:37) ~[grpc-core-1.49.1.jar!/:1.49.1]
	at io.grpc.internal.SerializingExecutor.run(SerializingExecutor.java:133) ~[grpc-core-1.49.1.jar!/:1.49.1]
	... 3 more

2023-02-23 14:58:41.267 DEBUG 13 --- [       Thread-2] i.c.o.w.e.w.BatchOperationWriter         : 0 operations locked
2023-02-23 14:58:43.035 DEBUG 13 --- [nio-8080-exec-4] i.c.o.w.e.r.ListViewReader               : Process instance search request: 
{
  "constant_score" : {
    "filter" : {
      "bool" : {
        "must" : [
          {
            "term" : {
              "joinRelation" : {
                "value" : "processInstance",
                "boost" : 1.0
              }
            }
          },
          {
            "terms" : {
              "id" : [
                "2251799813703252",
                "2251799813703236",
                "2251799813703218",
                "2251799813703200",
                "2251799813703181",
                "2251799813703158",
                "2251799813703132",
                "2251799813703117",
                "2251799813703096",
                "2251799813703088",
                "2251799813703071"
              ],
              "boost" : 1.0
            }
          }
        ],
        "adjust_pure_negative" : true,
        "boost" : 1.0
      }
    },
    "boost" : 1.0
  }
}
2023-02-23 14:58:43.035 DEBUG 13 --- [nio-8080-exec-4] i.c.o.w.e.r.ListViewReader               : Search request will search in: 
operate-list-view-8.1.0_alias
2023-02-23 14:58:43.049 DEBUG 13 --- [nio-8080-exec-3] i.c.o.w.e.r.ActivityStatisticsReader     : Activities statistics request: 
{
  "constant_score" : {
    "filter" : {
      "bool" : {
        "must" : [
          {
            "bool" : {
              "must_not" : [
                {
                  "exists" : {
                    "field" : "endDate",
                    "boost" : 1.0
                  }
                }
              ],
              "adjust_pure_negative" : true,
              "boost" : 1.0
            }
          },
          {
            "terms" : {
              "processDefinitionKey" : [
                "2251799813685249"
              ],
              "boost" : 1.0
            }
          }
        ],
        "adjust_pure_negative" : true,
        "boost" : 1.0
      }
    },
    "boost" : 1.0
  }
}
 and aggregation: 
{"activities":{"children":{"type":"activity"},"aggregations":{"active_activities":{"filter":{"bool":{"must":[{"term":{"incident":{"value":false,"boost":1.0}}},{"term":{"activityState":{"value":"ACTIVE","boost":1.0}}}],"adjust_pure_negative":true,"boost":1.0}},"aggregations":{"unique_activities":{"terms":{"field":"activityId","size":10000,"min_doc_count":1,"shard_min_doc_count":0,"show_term_doc_count_error":false,"order":[{"_count":"desc"},{"_key":"asc"}]},"aggregations":{"activity_to_process":{"parent":{"type":"activity"}}}}}},"incident_activities":{"filter":{"bool":{"must":[{"term":{"incident":{"value":true,"boost":1.0}}},{"term":{"activityState":{"value":"ACTIVE","boost":1.0}}}],"adjust_pure_negative":true,"boost":1.0}},"aggregations":{"unique_activities":{"terms":{"field":"activityId","size":10000,"min_doc_count":1,"shard_min_doc_count":0,"show_term_doc_count_error":false,"order":[{"_count":"desc"},{"_key":"asc"}]},"aggregations":{"activity_to_process":{"parent":{"type":"activity"}}}}}},"finished_activities":{"filter":{"bool":{"must":[{"term":{"activityType":{"value":"END_EVENT","boost":1.0}}},{"term":{"activityState":{"value":"COMPLETED","boost":1.0}}}],"adjust_pure_negative":true,"boost":1.0}},"aggregations":{"unique_activities":{"terms":{"field":"activityId","size":10000,"min_doc_count":1,"shard_min_doc_count":0,"show_term_doc_count_error":false,"order":[{"_count":"desc"},{"_key":"asc"}]},"aggregations":{"activity_to_process":{"parent":{"type":"activity"}}}}}}}}}
2023-02-23 14:58:43.049 DEBUG 13 --- [nio-8080-exec-3] i.c.o.w.e.r.ActivityStatisticsReader     : Search request will search in: 
operate-list-view-8.1.0_
2023-02-23 14:58:43.050 DEBUG 13 --- [nio-8080-exec-6] i.c.o.w.e.r.ListViewReader               : Process instance search request: 
{
  "constant_score" : {
    "filter" : {
      "bool" : {
        "must" : [
          {
            "term" : {
              "joinRelation" : {
                "value" : "processInstance",
                "boost" : 1.0
              }
            }
          },
          {
            "bool" : {
              "must" : [
                {
                  "bool" : {
                    "must_not" : [
                      {
                        "exists" : {
                          "field" : "endDate",
                          "boost" : 1.0
                        }
                      }
                    ],
                    "adjust_pure_negative" : true,
                    "boost" : 1.0
                  }
                },
                {
                  "terms" : {
                    "processDefinitionKey" : [
                      "2251799813685249"
                    ],
                    "boost" : 1.0
                  }
                }
              ],
              "adjust_pure_negative" : true,
              "boost" : 1.0
            }
          }
        ],
        "adjust_pure_negative" : true,
        "boost" : 1.0
      }
    },
    "boost" : 1.0
  }
}
2023-02-23 14:58:43.050 DEBUG 13 --- [nio-8080-exec-6] i.c.o.w.e.r.ListViewReader               : Search request will search in: 
operate-list-view-8.1.0_
2023-02-23 14:58:43.269 DEBUG 13 --- [       Thread-2] i.c.o.w.e.w.BatchOperationWriter         : 0 operations locked
2023-02-23 14:58:44.196 DEBUG 13 --- [ecords_reader_2] i.c.o.z.RecordsReader                    : Submitted next job
2023-02-23 14:58:44.196 DEBUG 13 --- [       import_1] i.c.o.z.v.p.ElasticsearchBulkProcessor   : Writing 5 Zeebe records to Elasticsearch, version=8.1, importValueType=PROCESS_INSTANCE, partition=1
2023-02-23 14:58:44.196 DEBUG 13 --- [       import_1] i.c.o.z.v.p.ListViewZeebeRecordProcessor : Flow node instance for list view: id 2251799813703257
2023-02-23 14:58:44.196 DEBUG 13 --- [       import_1] i.c.o.z.v.p.ListViewZeebeRecordProcessor : Flow node instance for list view: id 2251799813703264
2023-02-23 14:58:44.196 DEBUG 13 --- [       import_1] v.p.FlowNodeInstanceZeebeRecordProcessor : Flow node instance: id 2251799813703257
2023-02-23 14:58:44.196 DEBUG 13 --- [       import_1] v.p.FlowNodeInstanceZeebeRecordProcessor : Flow node instance: id 2251799813703264
2023-02-23 14:58:44.196 DEBUG 13 --- [       import_1] i.c.o.z.v.p.EventZeebeRecordProcessor    : Event: id 2251799813703252_2251799813703257, eventSourceType PROCESS_INSTANCE, eventType ELEMENT_COMPLETED, processInstanceKey 2251799813703252
2023-02-23 14:58:44.196 DEBUG 13 --- [       import_1] i.c.o.z.v.p.EventZeebeRecordProcessor    : Event: id 2251799813703252_2251799813703264, eventSourceType PROCESS_INSTANCE, eventType ELEMENT_ACTIVATED, processInstanceKey 2251799813703252
2023-02-23 14:58:44.196 DEBUG 13 --- [       import_1] o.z.v.p.SequenceFlowZeebeRecordProcessor : Index sequence flow: id 2251799813703252_Flow_1tpo4s2
2023-02-23 14:58:44.196 DEBUG 13 --- [       import_1] i.c.o.u.ElasticsearchUtil                : ************* FLUSH BULK START *************
2023-02-23 14:58:44.200 DEBUG 13 --- [       import_1] i.c.o.u.ElasticsearchUtil                : ************* FLUSH BULK FINISH *************
2023-02-23 14:58:45.075 DEBUG 13 --- [nio-8080-exec-9] i.c.o.w.e.r.ListViewReader               : Process instance search request: 
{
  "constant_score" : {
    "filter" : {
      "bool" : {
        "must" : [
          {
            "term" : {
              "joinRelation" : {
                "value" : "processInstance",
                "boost" : 1.0
              }
            }
          },
          {
            "bool" : {
              "must" : [
                {
                  "bool" : {
                    "must_not" : [
                      {
                        "exists" : {
                          "field" : "endDate",
                          "boost" : 1.0
                        }
                      }
                    ],
                    "adjust_pure_negative" : true,
                    "boost" : 1.0
                  }
                },
                {
                  "terms" : {
                    "processDefinitionKey" : [
                      "2251799813685249"
                    ],
                    "boost" : 1.0
                  }
                }
              ],
              "adjust_pure_negative" : true,
              "boost" : 1.0
            }
          }
        ],
        "adjust_pure_negative" : true,
        "boost" : 1.0
      }
    },
    "boost" : 1.0
  }
}
2023-02-23 14:58:45.075 DEBUG 13 --- [nio-8080-exec-9] i.c.o.w.e.r.ListViewReader               : Search request will search in: 
operate-list-view-8.1.0_
2023-02-23 14:58:45.272 DEBUG 13 --- [       Thread-2] i.c.o.w.e.w.BatchOperationWriter         : 0 operations locked
2023-02-23 14:58:47.099 DEBUG 13 --- [ecords_reader_2] i.c.o.z.RecordsReader                    : Submitted next job
2023-02-23 14:58:47.099 DEBUG 13 --- [       import_3] i.c.o.z.v.p.ElasticsearchBulkProcessor   : Writing 1 Zeebe records to Elasticsearch, version=8.1, importValueType=VARIABLE, partition=1
2023-02-23 14:58:47.099 DEBUG 13 --- [       import_3] i.c.o.z.v.p.ListViewZeebeRecordProcessor : Variable for list view: id 2251799813703252-totalPrice
2023-02-23 14:58:47.099 DEBUG 13 --- [       import_3] i.c.o.z.v.p.VariableZeebeRecordProcessor : Variable instance for list view: id 2251799813703252-totalPrice
2023-02-23 14:58:47.099 DEBUG 13 --- [       import_3] i.c.o.u.ElasticsearchUtil                : ************* FLUSH BULK START *************
2023-02-23 14:58:47.103 DEBUG 13 --- [       import_3] i.c.o.u.ElasticsearchUtil                : ************* FLUSH BULK FINISH *************
2023-02-23 14:58:47.274 DEBUG 13 --- [       Thread-2] i.c.o.w.e.w.BatchOperationWriter         : 0 operations locked
2023-02-23 14:58:47.541 DEBUG 13 --- [ecords_reader_3] i.c.o.z.RecordsReader                    : Submitted next job
2023-02-23 14:58:47.541 DEBUG 13 --- [       import_2] i.c.o.z.v.p.ElasticsearchBulkProcessor   : Writing 2 Zeebe records to Elasticsearch, version=8.1, importValueType=JOB, partition=1
2023-02-23 14:58:47.541 DEBUG 13 --- [       import_2] i.c.o.z.v.p.EventZeebeRecordProcessor    : Event: id 2251799813703252_2251799813703257, eventSourceType JOB, eventType COMPLETED, processInstanceKey 2251799813703252
2023-02-23 14:58:47.541 DEBUG 13 --- [       import_2] i.c.o.z.v.p.EventZeebeRecordProcessor    : Event: id 2251799813703252_2251799813703264, eventSourceType JOB, eventType CREATED, processInstanceKey 2251799813703252
2023-02-23 14:58:47.541 DEBUG 13 --- [       import_2] i.c.o.u.ElasticsearchUtil                : ************* FLUSH BULK START *************
2023-02-23 14:58:47.544 DEBUG 13 --- [       import_2] i.c.o.u.ElasticsearchUtil                : ************* FLUSH BULK FINISH *************
2023-02-23 14:58:48.506 DEBUG 13 --- [sition_update_1] i.c.o.u.ElasticsearchUtil                : ************* FLUSH BULK START *************
2023-02-23 14:58:48.509 DEBUG 13 --- [sition_update_1] i.c.o.u.ElasticsearchUtil                : ************* FLUSH BULK FINISH *************
2023-02-23 14:58:49.200 DEBUG 13 --- [ecords_reader_2] i.c.o.z.RecordsReader                    : Submitted next job
2023-02-23 14:58:49.200 DEBUG 13 --- [       import_1] i.c.o.z.v.p.ElasticsearchBulkProcessor   : Writing 9 Zeebe records to Elasticsearch, version=8.1, importValueType=PROCESS_INSTANCE, partition=1
2023-02-23 14:58:49.200 DEBUG 13 --- [       import_1] i.c.o.c.ProcessCache                     : ProcessName is empty, use default value: order-process-4-manual 
2023-02-23 14:58:49.200 DEBUG 13 --- [       import_1] i.c.o.c.ProcessCache                     : ProcessName is empty, use default value: order-process-4-manual 
2023-02-23 14:58:49.200 DEBUG 13 --- [       import_1] i.c.o.z.v.p.ListViewZeebeRecordProcessor : Process instance for list view: id 2251799813703267
2023-02-23 14:58:49.200 DEBUG 13 --- [       import_1] i.c.o.z.v.p.ListViewZeebeRecordProcessor : Flow node instance for list view: id 2251799813703272
2023-02-23 14:58:49.200 DEBUG 13 --- [       import_1] i.c.o.z.v.p.ListViewZeebeRecordProcessor : Flow node instance for list view: id 2251799813703270
2023-02-23 14:58:49.200 DEBUG 13 --- [       import_1] v.p.FlowNodeInstanceZeebeRecordProcessor : Flow node instance: id 2251799813703270
2023-02-23 14:58:49.200 DEBUG 13 --- [       import_1] v.p.FlowNodeInstanceZeebeRecordProcessor : Flow node instance: id 2251799813703272
2023-02-23 14:58:49.200 DEBUG 13 --- [       import_1] i.c.o.z.v.p.EventZeebeRecordProcessor    : Event: id 2251799813703267_2251799813703272, eventSourceType PROCESS_INSTANCE, eventType ELEMENT_ACTIVATED, processInstanceKey 2251799813703267
2023-02-23 14:58:49.200 DEBUG 13 --- [       import_1] i.c.o.z.v.p.EventZeebeRecordProcessor    : Event: id 2251799813703267_2251799813703270, eventSourceType PROCESS_INSTANCE, eventType ELEMENT_COMPLETED, processInstanceKey 2251799813703267
2023-02-23 14:58:49.200 DEBUG 13 --- [       import_1] o.z.v.p.SequenceFlowZeebeRecordProcessor : Index sequence flow: id 2251799813703267_SequenceFlow_18tqka5
2023-02-23 14:58:49.200 DEBUG 13 --- [       import_1] i.c.o.u.ElasticsearchUtil                : ************* FLUSH BULK START *************
2023-02-23 14:58:49.204 DEBUG 13 --- [       import_1] i.c.o.u.ElasticsearchUtil                : ************* FLUSH BULK FINISH *************