2023-02-23T14:58:09.499398345Z 2023/02/23 14:58:09 Complete job 2251799813703224 of type payment-service
2023-02-23T14:58:09.499424254Z 2023/02/23 14:58:09 Payment processed: VISA
2023-02-23T14:58:09.503381358Z 2023/02/23 14:58:09 Successfully completed job
2023-02-23T14:58:15.624260032Z Creating new instance...
2023-02-23T14:58:15.628381016Z processDefinitionKey:2251799813685249 bpmnProcessId:"order-process-4-manual" version:1 processInstanceKey:2251799813703236
2023-02-23T14:58:15.628414399Z Sleeping...
2023-02-23T14:58:19.642545496Z 2023/02/23 14:58:19 Complete job 2251799813703242 of type payment-service
2023-02-23T14:58:19.642569331Z 2023/02/23 14:58:19 Payment processed: VISA
2023-02-23T14:58:19.644908786Z 2023/02/23 14:58:19 Successfully completed job
2023-02-23T14:58:30.629266908Z Creating new instance...
2023-02-23T14:58:30.632784931Z processDefinitionKey:2251799813685249 bpmnProcessId:"order-process-4-manual" version:1 processInstanceKey:2251799813703252
2023-02-23T14:58:30.632793347Z Sleeping...
2023-02-23T14:58:39.875901485Z 2023/02/23 14:58:39 Complete job 2251799813703258 of type payment-service
2023-02-23T14:58:39.875927124Z 2023/02/23 14:58:39 Payment processed: VISA
2023-02-23T14:58:39.878924162Z 2023/02/23 14:58:39 Successfully completed job
2023-02-23T14:58:45.637845694Z Creating new instance...
2023-02-23T14:58:45.641482172Z processDefinitionKey:2251799813685249 bpmnProcessId:"order-process-4-manual" version:1 processInstanceKey:2251799813703267
2023-02-23T14:58:45.641494976Z Sleeping...
2023-02-23T14:58:49.997969347Z 2023/02/23 14:58:49 Complete job 2251799813703273 of type payment-service
2023-02-23T14:58:49.998003011Z 2023/02/23 14:58:49 Payment processed: VISA
2023-02-23T14:58:50.000451522Z 2023/02/23 14:58:50 Successfully completed job
2023-02-23T14:59:00.642006929Z Creating new instance...
2023-02-23T14:59:00.645376342Z processDefinitionKey:2251799813685249 bpmnProcessId:"order-process-4-manual" version:1 processInstanceKey:2251799813703284
2023-02-23T14:59:00.645385239Z Sleeping...
2023-02-23T14:59:10.224053528Z 2023/02/23 14:59:10 Complete job 2251799813703290 of type payment-service
2023-02-23T14:59:10.224070130Z 2023/02/23 14:59:10 Payment processed: VISA
2023-02-23T14:59:10.227070084Z 2023/02/23 14:59:10 Successfully completed job
2023-02-23T14:59:15.645810161Z Creating new instance...
2023-02-23T14:59:15.649557679Z processDefinitionKey:2251799813685249 bpmnProcessId:"order-process-4-manual" version:1 processInstanceKey:2251799813703299
2023-02-23T14:59:15.649572067Z Sleeping...
2023-02-23T14:59:20.362237143Z 2023/02/23 14:59:20 Complete job 2251799813703305 of type payment-service
2023-02-23T14:59:20.362262711Z 2023/02/23 14:59:20 Payment processed: VISA
2023-02-23T14:59:20.364369095Z 2023/02/23 14:59:20 Successfully completed job
2023-02-23T14:59:30.650282142Z Creating new instance...
2023-02-23T14:59:30.653442840Z processDefinitionKey:2251799813685249 bpmnProcessId:"order-process-4-manual" version:1 processInstanceKey:2251799813703316
2023-02-23T14:59:30.653454763Z Sleeping...
2023-02-23T14:59:40.627964900Z 2023/02/23 14:59:40 Complete job 2251799813703322 of type payment-service
2023-02-23T14:59:40.627982764Z 2023/02/23 14:59:40 Payment processed: VISA
2023-02-23T14:59:40.630030797Z 2023/02/23 14:59:40 Successfully completed job
2023-02-23T14:59:45.656274113Z Creating new instance...
2023-02-23T14:59:45.660998310Z processDefinitionKey:2251799813685249 bpmnProcessId:"order-process-4-manual" version:1 processInstanceKey:2251799813703331
2023-02-23T14:59:45.661020301Z Sleeping...