2023-02-23T01:41:30.444764665Z ++ hostname -i
2023-02-23T01:41:30.445399959Z + HOST=10.244.1.212
2023-02-23T01:41:30.445483407Z + '[' true = true ']'
2023-02-23T01:41:30.445491623Z + export ZEEBE_GATEWAY_NETWORK_HOST=0.0.0.0
2023-02-23T01:41:30.445494378Z + ZEEBE_GATEWAY_NETWORK_HOST=0.0.0.0
2023-02-23T01:41:30.445496081Z + export ZEEBE_GATEWAY_CLUSTER_HOST=10.244.1.212
2023-02-23T01:41:30.445497724Z + ZEEBE_GATEWAY_CLUSTER_HOST=10.244.1.212
2023-02-23T01:41:30.445499297Z + exec /usr/local/zeebe/bin/gateway
2023-02-23T01:41:30.449764979Z Picked up JAVA_TOOL_OPTIONS: -XX:+ExitOnOutOfMemoryError
2023-02-23T01:41:36.960715063Z   ______  ______   ______   ____    ______      _____              _______   ______  __          __            __     __
2023-02-23T01:41:36.960764817Z  |___  / |  ____| |  ____| |  _ \  |  ____|    / ____|     /\     |__   __| |  ____| \ \        / /     /\     \ \   / /
2023-02-23T01:41:36.960768594Z     / /  | |__    | |__    | |_) | | |__      | |  __     /  \       | |    | |__     \ \  /\  / /     /  \     \ \_/ /
2023-02-23T01:41:36.960771540Z    / /   |  __|   |  __|   |  _ <  |  __|     | | |_ |   / /\ \      | |    |  __|     \ \/  \/ /     / /\ \     \   /
2023-02-23T01:41:36.960774104Z   / /__  | |____  | |____  | |_) | | |____    | |__| |  / ____ \     | |    | |____     \  /\  /     / ____ \     | |
2023-02-23T01:41:36.960776749Z  /_____| |______| |______| |____/  |______|    \_____| /_/    \_\    |_|    |______|     \/  \/     /_/    \_\    |_|
2023-02-23T01:41:36.960779775Z  
2023-02-23T01:41:37.269867434Z 2023-02-23 01:41:37.263 [] [main] INFO 
2023-02-23T01:41:37.269908813Z       io.camunda.zeebe.gateway.StandaloneGateway - Starting StandaloneGateway v8.1.6 using Java 17.0.5 on camunda-zeebe-gateway-5568869b5-btlmq with PID 13 (/usr/local/zeebe/lib/camunda-zeebe-8.1.6.jar started by root in /usr/local/zeebe)
2023-02-23T01:41:37.274187239Z 2023-02-23 01:41:37.273 [] [main] INFO 
2023-02-23T01:41:37.274219710Z       io.camunda.zeebe.gateway.StandaloneGateway - The following 1 profile is active: "gateway"
2023-02-23T01:41:43.066084007Z 2023-02-23 01:41:43.065 [] [main] INFO 
2023-02-23T01:41:43.066102733Z       org.springframework.boot.web.embedded.tomcat.TomcatWebServer - Tomcat initialized with port(s): 9600 (http)
2023-02-23T01:41:43.074142676Z 2023-02-23 01:41:43.073 [] [main] INFO 
2023-02-23T01:41:43.074171661Z       org.apache.coyote.http11.Http11NioProtocol - Initializing ProtocolHandler ["http-nio-0.0.0.0-9600"]
2023-02-23T01:41:43.074849595Z 2023-02-23 01:41:43.074 [] [main] INFO 
2023-02-23T01:41:43.074867118Z       org.apache.catalina.core.StandardService - Starting service [Tomcat]
2023-02-23T01:41:43.075212493Z 2023-02-23 01:41:43.075 [] [main] INFO 
2023-02-23T01:41:43.075223343Z       org.apache.catalina.core.StandardEngine - Starting Servlet engine: [Apache Tomcat/9.0.65]
2023-02-23T01:41:43.668838068Z 2023-02-23 01:41:43.668 [] [main] INFO 
2023-02-23T01:41:43.668870700Z       org.apache.catalina.core.ContainerBase.[Tomcat].[localhost].[/] - Initializing Spring embedded WebApplicationContext
2023-02-23T01:41:43.668945371Z 2023-02-23 01:41:43.668 [] [main] INFO 
2023-02-23T01:41:43.668950702Z       org.springframework.boot.web.servlet.context.ServletWebServerApplicationContext - Root WebApplicationContext: initialization completed in 6106 ms
2023-02-23T01:41:45.176824838Z 2023-02-23 01:41:45.175 [] [main] WARN 
2023-02-23T01:41:45.176858231Z       io.camunda.zeebe.gateway.impl.configuration - Configuring deprecated property 'contactPoint', will use 'initialContactPoints'. Please consider to migrate to 'initialContactPoints' property, which allows to set a list of contact points.
2023-02-23T01:41:48.473574787Z 2023-02-23 01:41:48.472 [] [main] INFO 
2023-02-23T01:41:48.473601458Z       org.springframework.boot.actuate.endpoint.web.EndpointLinksResolver - Exposing 7 endpoint(s) beneath base path '/actuator'
2023-02-23T01:41:48.672479329Z 2023-02-23 01:41:48.672 [] [main] INFO 
2023-02-23T01:41:48.672501040Z       org.apache.coyote.http11.Http11NioProtocol - Starting ProtocolHandler ["http-nio-0.0.0.0-9600"]
2023-02-23T01:41:48.765333514Z 2023-02-23 01:41:48.765 [] [main] INFO 
2023-02-23T01:41:48.765354985Z       org.springframework.boot.web.embedded.tomcat.TomcatWebServer - Tomcat started on port(s): 9600 (http) with context path ''
2023-02-23T01:41:48.777757623Z 2023-02-23 01:41:48.777 [] [main] INFO 
2023-02-23T01:41:48.777780557Z       io.camunda.zeebe.gateway.StandaloneGateway - Started StandaloneGateway in 13.709 seconds (JVM running for 18.327)
2023-02-23T01:41:48.864562538Z 2023-02-23 01:41:48.864 [] [main] INFO 
2023-02-23T01:41:48.864581534Z       io.camunda.zeebe.gateway - Version: 8.1.6
2023-02-23T01:41:48.963058822Z 2023-02-23 01:41:48.962 [] [main] INFO 
2023-02-23T01:41:48.963081395Z       io.camunda.zeebe.gateway - Starting standalone gateway with configuration {
2023-02-23T01:41:48.963084181Z   "network" : {
2023-02-23T01:41:48.963086765Z     "host" : "0.0.0.0",
2023-02-23T01:41:48.963088990Z     "port" : 26500,
2023-02-23T01:41:48.963091324Z     "minKeepAliveInterval" : "PT30S"
2023-02-23T01:41:48.963093719Z   },
2023-02-23T01:41:48.963095973Z   "cluster" : {
2023-02-23T01:41:48.963098798Z     "initialContactPoints" : [ "camunda-zeebe:26502" ],
2023-02-23T01:41:48.963101453Z     "requestTimeout" : "PT15S",
2023-02-23T01:41:48.963103517Z     "clusterName" : "camunda-zeebe",
2023-02-23T01:41:48.963105511Z     "memberId" : "camunda-zeebe-gateway-5568869b5-btlmq",
2023-02-23T01:41:48.963107755Z     "host" : "10.244.1.212",
2023-02-23T01:41:48.963110330Z     "advertisedHost" : "10.244.1.212",
2023-02-23T01:41:48.963112404Z     "port" : 26502,
2023-02-23T01:41:48.963114408Z     "advertisedPort" : 26502,
2023-02-23T01:41:48.963116602Z     "membership" : {
2023-02-23T01:41:48.963118956Z       "broadcastUpdates" : false,
2023-02-23T01:41:48.963120990Z       "broadcastDisputes" : true,
2023-02-23T01:41:48.963123074Z       "notifySuspect" : false,
2023-02-23T01:41:48.963125359Z       "gossipInterval" : "PT0.25S",
2023-02-23T01:41:48.963127412Z       "gossipFanout" : 2,
2023-02-23T01:41:48.963129717Z       "probeInterval" : "PT1S",
2023-02-23T01:41:48.963131981Z       "probeTimeout" : "PT0.1S",
2023-02-23T01:41:48.963133925Z       "suspectProbes" : 3,
2023-02-23T01:41:48.963136029Z       "failureTimeout" : "PT10S",
2023-02-23T01:41:48.963138033Z       "syncInterval" : "PT10S"
2023-02-23T01:41:48.963140096Z     },
2023-02-23T01:41:48.963142180Z     "security" : {
2023-02-23T01:41:48.963144314Z       "enabled" : false,
2023-02-23T01:41:48.963146549Z       "certificateChainPath" : null,
2023-02-23T01:41:48.963148623Z       "privateKeyPath" : null
2023-02-23T01:41:48.963150626Z     },
2023-02-23T01:41:48.963152791Z     "messageCompression" : "NONE"
2023-02-23T01:41:48.963155125Z   },
2023-02-23T01:41:48.963157229Z   "threads" : {
2023-02-23T01:41:48.963159243Z     "managementThreads" : 1
2023-02-23T01:41:48.963161417Z   },
2023-02-23T01:41:48.963163681Z   "security" : {
2023-02-23T01:41:48.963165805Z     "enabled" : false,
2023-02-23T01:41:48.963167859Z     "certificateChainPath" : null,
2023-02-23T01:41:48.963170404Z     "privateKeyPath" : null
2023-02-23T01:41:48.963172498Z   },
2023-02-23T01:41:48.963174642Z   "longPolling" : {
2023-02-23T01:41:48.963176676Z     "enabled" : true
2023-02-23T01:41:48.963178880Z   },
2023-02-23T01:41:48.963200501Z   "interceptors" : [ ],
2023-02-23T01:41:48.963202715Z   "initialized" : true
2023-02-23T01:41:48.963204809Z }
2023-02-23T01:41:49.666925075Z 2023-02-23 01:41:49.665 [] [netty-messaging-event-epoll-server-0] INFO 
2023-02-23T01:41:49.666953228Z       io.atomix.cluster.messaging.impl.NettyMessagingService - TCP server listening for connections on 10.244.1.212:26502
2023-02-23T01:41:49.671661218Z 2023-02-23 01:41:49.670 [] [netty-messaging-event-epoll-server-0] INFO 
2023-02-23T01:41:49.671685323Z       io.atomix.cluster.messaging.impl.NettyMessagingService - Started messaging service bound to [10.244.1.212:26502], advertising 10.244.1.212:26502, and using plaintext
2023-02-23T01:41:49.864631146Z 2023-02-23 01:41:49.863 [] [netty-unicast-event-nio-client-0] INFO 
2023-02-23T01:41:49.864656804Z       io.atomix.cluster.messaging.impl.NettyUnicastService - UDP server listening for connections on 10.244.1.212:26502
2023-02-23T01:41:49.867475475Z 2023-02-23 01:41:49.864 [] [atomix-cluster-0] INFO 
2023-02-23T01:41:49.867507315Z       io.atomix.cluster.discovery.BootstrapDiscoveryProvider - Local node Node{id=camunda-zeebe-gateway-5568869b5-btlmq, address=10.244.1.212:26502} joined the bootstrap service
2023-02-23T01:41:49.870872000Z 2023-02-23 01:41:49.870 [] [atomix-cluster-0] INFO 
2023-02-23T01:41:49.870899833Z       io.atomix.cluster.protocol.SwimMembershipProtocol - Started
2023-02-23T01:41:49.871578960Z 2023-02-23 01:41:49.871 [] [atomix-cluster-0] INFO 
2023-02-23T01:41:49.871596814Z       io.atomix.cluster.impl.DefaultClusterMembershipService - Started cluster membership service for member Member{id=camunda-zeebe-gateway-5568869b5-btlmq, address=10.244.1.212:26502, properties={}}
2023-02-23T01:41:49.872022059Z 2023-02-23 01:41:49.871 [] [atomix-cluster-0] INFO 
2023-02-23T01:41:49.872030455Z       io.atomix.cluster.messaging.impl.DefaultClusterCommunicationService - Started
2023-02-23T01:41:49.873085424Z 2023-02-23 01:41:49.872 [] [atomix-cluster-0] INFO 
2023-02-23T01:41:49.873140929Z       io.atomix.cluster.messaging.impl.DefaultClusterEventService - Started
2023-02-23T04:15:03.764702825Z 2023-02-23 04:15:03.759 [] [grpc-default-worker-ELG-4-1] INFO 
2023-02-23T04:15:03.764726861Z       io.grpc.netty.NettyServerTransport.connections - Transport failed
2023-02-23T04:15:03.764731039Z io.netty.handler.codec.http2.Http2Exception: Unexpected HTTP/1.x request: GET / 
2023-02-23T04:15:03.764734996Z 	at io.netty.handler.codec.http2.Http2Exception.connectionError(Http2Exception.java:109) ~[netty-codec-http2-4.1.82.Final.jar:4.1.82.Final]
2023-02-23T04:15:03.764738733Z 	at io.netty.handler.codec.http2.Http2ConnectionHandler$PrefaceDecoder.readClientPrefaceString(Http2ConnectionHandler.java:317) ~[netty-codec-http2-4.1.82.Final.jar:4.1.82.Final]
2023-02-23T04:15:03.764742250Z 	at io.netty.handler.codec.http2.Http2ConnectionHandler$PrefaceDecoder.decode(Http2ConnectionHandler.java:247) ~[netty-codec-http2-4.1.82.Final.jar:4.1.82.Final]
2023-02-23T04:15:03.764746047Z 	at io.netty.handler.codec.http2.Http2ConnectionHandler.decode(Http2ConnectionHandler.java:453) ~[netty-codec-http2-4.1.82.Final.jar:4.1.82.Final]
2023-02-23T04:15:03.764749323Z 	at io.netty.handler.codec.ByteToMessageDecoder.decodeRemovalReentryProtection(ByteToMessageDecoder.java:519) ~[netty-codec-4.1.82.Final.jar:4.1.82.Final]
2023-02-23T04:15:03.764752920Z 	at io.netty.handler.codec.ByteToMessageDecoder.callDecode(ByteToMessageDecoder.java:458) ~[netty-codec-4.1.82.Final.jar:4.1.82.Final]
2023-02-23T04:15:03.764756196Z 	at io.netty.handler.codec.ByteToMessageDecoder.channelRead(ByteToMessageDecoder.java:280) ~[netty-codec-4.1.82.Final.jar:4.1.82.Final]
2023-02-23T04:15:03.764759492Z 	at io.netty.channel.AbstractChannelHandlerContext.invokeChannelRead(AbstractChannelHandlerContext.java:379) ~[netty-transport-4.1.82.Final.jar:4.1.82.Final]
2023-02-23T04:15:03.764773198Z 	at io.netty.channel.AbstractChannelHandlerContext.invokeChannelRead(AbstractChannelHandlerContext.java:365) ~[netty-transport-4.1.82.Final.jar:4.1.82.Final]
2023-02-23T04:15:03.764776625Z 	at io.netty.channel.AbstractChannelHandlerContext.fireChannelRead(AbstractChannelHandlerContext.java:357) ~[netty-transport-4.1.82.Final.jar:4.1.82.Final]
2023-02-23T04:15:03.764779941Z 	at io.netty.channel.DefaultChannelPipeline$HeadContext.channelRead(DefaultChannelPipeline.java:1410) ~[netty-transport-4.1.82.Final.jar:4.1.82.Final]
2023-02-23T04:15:03.764783137Z 	at io.netty.channel.AbstractChannelHandlerContext.invokeChannelRead(AbstractChannelHandlerContext.java:379) ~[netty-transport-4.1.82.Final.jar:4.1.82.Final]
2023-02-23T04:15:03.764786313Z 	at io.netty.channel.AbstractChannelHandlerContext.invokeChannelRead(AbstractChannelHandlerContext.java:365) ~[netty-transport-4.1.82.Final.jar:4.1.82.Final]
2023-02-23T04:15:03.764789479Z 	at io.netty.channel.DefaultChannelPipeline.fireChannelRead(DefaultChannelPipeline.java:919) ~[netty-transport-4.1.82.Final.jar:4.1.82.Final]
2023-02-23T04:15:03.764792695Z 	at io.netty.channel.epoll.AbstractEpollStreamChannel$EpollStreamUnsafe.epollInReady(AbstractEpollStreamChannel.java:800) ~[netty-transport-classes-epoll-4.1.82.Final.jar:4.1.82.Final]
2023-02-23T04:15:03.764795962Z 	at io.netty.channel.epoll.EpollEventLoop.processReady(EpollEventLoop.java:499) ~[netty-transport-classes-epoll-4.1.82.Final.jar:4.1.82.Final]
2023-02-23T04:15:03.764799148Z 	at io.netty.channel.epoll.EpollEventLoop.run(EpollEventLoop.java:397) ~[netty-transport-classes-epoll-4.1.82.Final.jar:4.1.82.Final]
2023-02-23T04:15:03.764802334Z 	at io.netty.util.concurrent.SingleThreadEventExecutor$4.run(SingleThreadEventExecutor.java:997) ~[netty-common-4.1.82.Final.jar:4.1.82.Final]
2023-02-23T04:15:03.764806051Z 	at io.netty.util.internal.ThreadExecutorMap$2.run(ThreadExecutorMap.java:74) ~[netty-common-4.1.82.Final.jar:4.1.82.Final]
2023-02-23T04:15:03.764809277Z 	at io.netty.util.concurrent.FastThreadLocalRunnable.run(FastThreadLocalRunnable.java:30) ~[netty-common-4.1.82.Final.jar:4.1.82.Final]
2023-02-23T04:15:03.764812703Z 	at java.lang.Thread.run(Unknown Source) ~[?:?]
2023-02-23T04:15:07.106979358Z 2023-02-23 04:15:07.106 [] [grpc-default-worker-ELG-4-1] INFO 
2023-02-23T04:15:07.107002542Z       io.grpc.netty.NettyServerTransport.connections - Transport failed
2023-02-23T04:15:07.107005337Z io.netty.handler.codec.http2.Http2Exception: Unexpected HTTP/1.x request: GET / 
2023-02-23T04:15:07.107008032Z 	at io.netty.handler.codec.http2.Http2Exception.connectionError(Http2Exception.java:109) ~[netty-codec-http2-4.1.82.Final.jar:4.1.82.Final]
2023-02-23T04:15:07.107014324Z 	at io.netty.handler.codec.http2.Http2ConnectionHandler$PrefaceDecoder.readClientPrefaceString(Http2ConnectionHandler.java:317) ~[netty-codec-http2-4.1.82.Final.jar:4.1.82.Final]
2023-02-23T04:15:07.107017180Z 	at io.netty.handler.codec.http2.Http2ConnectionHandler$PrefaceDecoder.decode(Http2ConnectionHandler.java:247) ~[netty-codec-http2-4.1.82.Final.jar:4.1.82.Final]
2023-02-23T04:15:07.107019995Z 	at io.netty.handler.codec.http2.Http2ConnectionHandler.decode(Http2ConnectionHandler.java:453) ~[netty-codec-http2-4.1.82.Final.jar:4.1.82.Final]
2023-02-23T04:15:07.107022129Z 	at io.netty.handler.codec.ByteToMessageDecoder.decodeRemovalReentryProtection(ByteToMessageDecoder.java:519) ~[netty-codec-4.1.82.Final.jar:4.1.82.Final]
2023-02-23T04:15:07.107024504Z 	at io.netty.handler.codec.ByteToMessageDecoder.callDecode(ByteToMessageDecoder.java:458) ~[netty-codec-4.1.82.Final.jar:4.1.82.Final]
2023-02-23T04:15:07.107026828Z 	at io.netty.handler.codec.ByteToMessageDecoder.channelRead(ByteToMessageDecoder.java:280) ~[netty-codec-4.1.82.Final.jar:4.1.82.Final]
2023-02-23T04:15:07.107043450Z 	at io.netty.channel.AbstractChannelHandlerContext.invokeChannelRead(AbstractChannelHandlerContext.java:379) ~[netty-transport-4.1.82.Final.jar:4.1.82.Final]
2023-02-23T04:15:07.107045834Z 	at io.netty.channel.AbstractChannelHandlerContext.invokeChannelRead(AbstractChannelHandlerContext.java:365) ~[netty-transport-4.1.82.Final.jar:4.1.82.Final]
2023-02-23T04:15:07.107048139Z 	at io.netty.channel.AbstractChannelHandlerContext.fireChannelRead(AbstractChannelHandlerContext.java:357) ~[netty-transport-4.1.82.Final.jar:4.1.82.Final]
2023-02-23T04:15:07.107050653Z 	at io.netty.channel.DefaultChannelPipeline$HeadContext.channelRead(DefaultChannelPipeline.java:1410) ~[netty-transport-4.1.82.Final.jar:4.1.82.Final]
2023-02-23T04:15:07.107052867Z 	at io.netty.channel.AbstractChannelHandlerContext.invokeChannelRead(AbstractChannelHandlerContext.java:379) ~[netty-transport-4.1.82.Final.jar:4.1.82.Final]
2023-02-23T04:15:07.107055212Z 	at io.netty.channel.AbstractChannelHandlerContext.invokeChannelRead(AbstractChannelHandlerContext.java:365) ~[netty-transport-4.1.82.Final.jar:4.1.82.Final]
2023-02-23T04:15:07.107057456Z 	at io.netty.channel.DefaultChannelPipeline.fireChannelRead(DefaultChannelPipeline.java:919) ~[netty-transport-4.1.82.Final.jar:4.1.82.Final]
2023-02-23T04:15:07.107059911Z 	at io.netty.channel.epoll.AbstractEpollStreamChannel$EpollStreamUnsafe.epollInReady(AbstractEpollStreamChannel.java:800) ~[netty-transport-classes-epoll-4.1.82.Final.jar:4.1.82.Final]
2023-02-23T04:15:07.107062055Z 	at io.netty.channel.epoll.EpollEventLoop.processReady(EpollEventLoop.java:499) ~[netty-transport-classes-epoll-4.1.82.Final.jar:4.1.82.Final]
2023-02-23T04:15:07.107064389Z 	at io.netty.channel.epoll.EpollEventLoop.run(EpollEventLoop.java:397) ~[netty-transport-classes-epoll-4.1.82.Final.jar:4.1.82.Final]
2023-02-23T04:15:07.107066523Z 	at io.netty.util.concurrent.SingleThreadEventExecutor$4.run(SingleThreadEventExecutor.java:997) ~[netty-common-4.1.82.Final.jar:4.1.82.Final]
2023-02-23T04:15:07.107069269Z 	at io.netty.util.internal.ThreadExecutorMap$2.run(ThreadExecutorMap.java:74) ~[netty-common-4.1.82.Final.jar:4.1.82.Final]
2023-02-23T04:15:07.107071413Z 	at io.netty.util.concurrent.FastThreadLocalRunnable.run(FastThreadLocalRunnable.java:30) ~[netty-common-4.1.82.Final.jar:4.1.82.Final]
2023-02-23T04:15:07.107073887Z 	at java.lang.Thread.run(Unknown Source) ~[?:?]
2023-02-23T04:15:10.335227446Z 2023-02-23 04:15:10.334 [] [grpc-default-worker-ELG-4-1] INFO 
2023-02-23T04:15:10.335256321Z       io.grpc.netty.NettyServerTransport.connections - Transport failed
2023-02-23T04:15:10.335261871Z io.netty.handler.codec.http2.Http2Exception: Unexpected HTTP/1.x request: GET / 
2023-02-23T04:15:10.335266911Z 	at io.netty.handler.codec.http2.Http2Exception.connectionError(Http2Exception.java:109) ~[netty-codec-http2-4.1.82.Final.jar:4.1.82.Final]
2023-02-23T04:15:10.335271770Z 	at io.netty.handler.codec.http2.Http2ConnectionHandler$PrefaceDecoder.readClientPrefaceString(Http2ConnectionHandler.java:317) ~[netty-codec-http2-4.1.82.Final.jar:4.1.82.Final]
2023-02-23T04:15:10.335276589Z 	at io.netty.handler.codec.http2.Http2ConnectionHandler$PrefaceDecoder.decode(Http2ConnectionHandler.java:247) ~[netty-codec-http2-4.1.82.Final.jar:4.1.82.Final]
2023-02-23T04:15:10.335281358Z 	at io.netty.handler.codec.http2.Http2ConnectionHandler.decode(Http2ConnectionHandler.java:453) ~[netty-codec-http2-4.1.82.Final.jar:4.1.82.Final]
2023-02-23T04:15:10.335285757Z 	at io.netty.handler.codec.ByteToMessageDecoder.decodeRemovalReentryProtection(ByteToMessageDecoder.java:519) ~[netty-codec-4.1.82.Final.jar:4.1.82.Final]
2023-02-23T04:15:10.335290325Z 	at io.netty.handler.codec.ByteToMessageDecoder.callDecode(ByteToMessageDecoder.java:458) ~[netty-codec-4.1.82.Final.jar:4.1.82.Final]
2023-02-23T04:15:10.335295014Z 	at io.netty.handler.codec.ByteToMessageDecoder.channelRead(ByteToMessageDecoder.java:280) ~[netty-codec-4.1.82.Final.jar:4.1.82.Final]
2023-02-23T04:15:10.335312728Z 	at io.netty.channel.AbstractChannelHandlerContext.invokeChannelRead(AbstractChannelHandlerContext.java:379) ~[netty-transport-4.1.82.Final.jar:4.1.82.Final]
2023-02-23T04:15:10.335317086Z 	at io.netty.channel.AbstractChannelHandlerContext.invokeChannelRead(AbstractChannelHandlerContext.java:365) ~[netty-transport-4.1.82.Final.jar:4.1.82.Final]
2023-02-23T04:15:10.335321374Z 	at io.netty.channel.AbstractChannelHandlerContext.fireChannelRead(AbstractChannelHandlerContext.java:357) ~[netty-transport-4.1.82.Final.jar:4.1.82.Final]
2023-02-23T04:15:10.335325662Z 	at io.netty.channel.DefaultChannelPipeline$HeadContext.channelRead(DefaultChannelPipeline.java:1410) ~[netty-transport-4.1.82.Final.jar:4.1.82.Final]
2023-02-23T04:15:10.335329920Z 	at io.netty.channel.AbstractChannelHandlerContext.invokeChannelRead(AbstractChannelHandlerContext.java:379) ~[netty-transport-4.1.82.Final.jar:4.1.82.Final]
2023-02-23T04:15:10.335334279Z 	at io.netty.channel.AbstractChannelHandlerContext.invokeChannelRead(AbstractChannelHandlerContext.java:365) ~[netty-transport-4.1.82.Final.jar:4.1.82.Final]
2023-02-23T04:15:10.335338607Z 	at io.netty.channel.DefaultChannelPipeline.fireChannelRead(DefaultChannelPipeline.java:919) ~[netty-transport-4.1.82.Final.jar:4.1.82.Final]
2023-02-23T04:15:10.335342915Z 	at io.netty.channel.epoll.AbstractEpollStreamChannel$EpollStreamUnsafe.epollInReady(AbstractEpollStreamChannel.java:800) ~[netty-transport-classes-epoll-4.1.82.Final.jar:4.1.82.Final]
2023-02-23T04:15:10.335347133Z 	at io.netty.channel.epoll.EpollEventLoop.processReady(EpollEventLoop.java:499) ~[netty-transport-classes-epoll-4.1.82.Final.jar:4.1.82.Final]
2023-02-23T04:15:10.335351421Z 	at io.netty.channel.epoll.EpollEventLoop.run(EpollEventLoop.java:397) ~[netty-transport-classes-epoll-4.1.82.Final.jar:4.1.82.Final]
2023-02-23T04:15:10.335355649Z 	at io.netty.util.concurrent.SingleThreadEventExecutor$4.run(SingleThreadEventExecutor.java:997) ~[netty-common-4.1.82.Final.jar:4.1.82.Final]
2023-02-23T04:15:10.335360709Z 	at io.netty.util.internal.ThreadExecutorMap$2.run(ThreadExecutorMap.java:74) ~[netty-common-4.1.82.Final.jar:4.1.82.Final]
2023-02-23T04:15:10.335365027Z 	at io.netty.util.concurrent.FastThreadLocalRunnable.run(FastThreadLocalRunnable.java:30) ~[netty-common-4.1.82.Final.jar:4.1.82.Final]
2023-02-23T04:15:10.335369696Z 	at java.lang.Thread.run(Unknown Source) ~[?:?]
2023-02-23T04:15:15.434653647Z 2023-02-23 04:15:15.433 [] [grpc-default-worker-ELG-4-1] INFO 
2023-02-23T04:15:15.434672213Z       io.grpc.netty.NettyServerTransport.connections - Transport failed
2023-02-23T04:15:15.434674908Z io.netty.handler.codec.http2.Http2Exception: Unexpected HTTP/1.x request: GET / 
2023-02-23T04:15:15.434677603Z 	at io.netty.handler.codec.http2.Http2Exception.connectionError(Http2Exception.java:109) ~[netty-codec-http2-4.1.82.Final.jar:4.1.82.Final]
2023-02-23T04:15:15.434680388Z 	at io.netty.handler.codec.http2.Http2ConnectionHandler$PrefaceDecoder.readClientPrefaceString(Http2ConnectionHandler.java:317) ~[netty-codec-http2-4.1.82.Final.jar:4.1.82.Final]
2023-02-23T04:15:15.434683474Z 	at io.netty.handler.codec.http2.Http2ConnectionHandler$PrefaceDecoder.decode(Http2ConnectionHandler.java:247) ~[netty-codec-http2-4.1.82.Final.jar:4.1.82.Final]
2023-02-23T04:15:15.434686049Z 	at io.netty.handler.codec.http2.Http2ConnectionHandler.decode(Http2ConnectionHandler.java:453) ~[netty-codec-http2-4.1.82.Final.jar:4.1.82.Final]
2023-02-23T04:15:15.434688243Z 	at io.netty.handler.codec.ByteToMessageDecoder.decodeRemovalReentryProtection(ByteToMessageDecoder.java:519) ~[netty-codec-4.1.82.Final.jar:4.1.82.Final]
2023-02-23T04:15:15.434690397Z 	at io.netty.handler.codec.ByteToMessageDecoder.callDecode(ByteToMessageDecoder.java:458) ~[netty-codec-4.1.82.Final.jar:4.1.82.Final]
2023-02-23T04:15:15.434700446Z 	at io.netty.handler.codec.ByteToMessageDecoder.channelRead(ByteToMessageDecoder.java:280) ~[netty-codec-4.1.82.Final.jar:4.1.82.Final]
2023-02-23T04:15:15.434702129Z 	at io.netty.channel.AbstractChannelHandlerContext.invokeChannelRead(AbstractChannelHandlerContext.java:379) ~[netty-transport-4.1.82.Final.jar:4.1.82.Final]
2023-02-23T04:15:15.434703712Z 	at io.netty.channel.AbstractChannelHandlerContext.invokeChannelRead(AbstractChannelHandlerContext.java:365) ~[netty-transport-4.1.82.Final.jar:4.1.82.Final]
2023-02-23T04:15:15.434705305Z 	at io.netty.channel.AbstractChannelHandlerContext.fireChannelRead(AbstractChannelHandlerContext.java:357) ~[netty-transport-4.1.82.Final.jar:4.1.82.Final]
2023-02-23T04:15:15.434706878Z 	at io.netty.channel.DefaultChannelPipeline$HeadContext.channelRead(DefaultChannelPipeline.java:1410) ~[netty-transport-4.1.82.Final.jar:4.1.82.Final]
2023-02-23T04:15:15.434708802Z 	at io.netty.channel.AbstractChannelHandlerContext.invokeChannelRead(AbstractChannelHandlerContext.java:379) ~[netty-transport-4.1.82.Final.jar:4.1.82.Final]
2023-02-23T04:15:15.434710455Z 	at io.netty.channel.AbstractChannelHandlerContext.invokeChannelRead(AbstractChannelHandlerContext.java:365) ~[netty-transport-4.1.82.Final.jar:4.1.82.Final]
2023-02-23T04:15:15.434712048Z 	at io.netty.channel.DefaultChannelPipeline.fireChannelRead(DefaultChannelPipeline.java:919) ~[netty-transport-4.1.82.Final.jar:4.1.82.Final]
2023-02-23T04:15:15.434713651Z 	at io.netty.channel.epoll.AbstractEpollStreamChannel$EpollStreamUnsafe.epollInReady(AbstractEpollStreamChannel.java:800) ~[netty-transport-classes-epoll-4.1.82.Final.jar:4.1.82.Final]
2023-02-23T04:15:15.434715244Z 	at io.netty.channel.epoll.EpollEventLoop.processReady(EpollEventLoop.java:499) ~[netty-transport-classes-epoll-4.1.82.Final.jar:4.1.82.Final]
2023-02-23T04:15:15.434716847Z 	at io.netty.channel.epoll.EpollEventLoop.run(EpollEventLoop.java:397) ~[netty-transport-classes-epoll-4.1.82.Final.jar:4.1.82.Final]
2023-02-23T04:15:15.434718440Z 	at io.netty.util.concurrent.SingleThreadEventExecutor$4.run(SingleThreadEventExecutor.java:997) ~[netty-common-4.1.82.Final.jar:4.1.82.Final]
2023-02-23T04:15:15.434720564Z 	at io.netty.util.internal.ThreadExecutorMap$2.run(ThreadExecutorMap.java:74) ~[netty-common-4.1.82.Final.jar:4.1.82.Final]
2023-02-23T04:15:15.434722187Z 	at io.netty.util.concurrent.FastThreadLocalRunnable.run(FastThreadLocalRunnable.java:30) ~[netty-common-4.1.82.Final.jar:4.1.82.Final]
2023-02-23T04:15:15.434723961Z 	at java.lang.Thread.run(Unknown Source) ~[?:?]
2023-02-23T04:15:51.449761177Z 2023-02-23 04:15:51.449 [] [grpc-default-worker-ELG-4-1] INFO 
2023-02-23T04:15:51.449783870Z       io.grpc.netty.NettyServerTransport.connections - Transport failed
2023-02-23T04:15:51.449786935Z io.netty.handler.codec.http2.Http2Exception: Unexpected HTTP/1.x request: GET / 
2023-02-23T04:15:51.449789731Z 	at io.netty.handler.codec.http2.Http2Exception.connectionError(Http2Exception.java:109) ~[netty-codec-http2-4.1.82.Final.jar:4.1.82.Final]
2023-02-23T04:15:51.449795341Z 	at io.netty.handler.codec.http2.Http2ConnectionHandler$PrefaceDecoder.readClientPrefaceString(Http2ConnectionHandler.java:317) ~[netty-codec-http2-4.1.82.Final.jar:4.1.82.Final]
2023-02-23T04:15:51.449798537Z 	at io.netty.handler.codec.http2.Http2ConnectionHandler$PrefaceDecoder.decode(Http2ConnectionHandler.java:247) ~[netty-codec-http2-4.1.82.Final.jar:4.1.82.Final]
2023-02-23T04:15:51.449801854Z 	at io.netty.handler.codec.http2.Http2ConnectionHandler.decode(Http2ConnectionHandler.java:453) ~[netty-codec-http2-4.1.82.Final.jar:4.1.82.Final]
2023-02-23T04:15:51.449804198Z 	at io.netty.handler.codec.ByteToMessageDecoder.decodeRemovalReentryProtection(ByteToMessageDecoder.java:519) ~[netty-codec-4.1.82.Final.jar:4.1.82.Final]
2023-02-23T04:15:51.449815790Z 	at io.netty.handler.codec.ByteToMessageDecoder.callDecode(ByteToMessageDecoder.java:458) ~[netty-codec-4.1.82.Final.jar:4.1.82.Final]
2023-02-23T04:15:51.449818355Z 	at io.netty.handler.codec.ByteToMessageDecoder.channelRead(ByteToMessageDecoder.java:280) ~[netty-codec-4.1.82.Final.jar:4.1.82.Final]
2023-02-23T04:15:51.449820499Z 	at io.netty.channel.AbstractChannelHandlerContext.invokeChannelRead(AbstractChannelHandlerContext.java:379) ~[netty-transport-4.1.82.Final.jar:4.1.82.Final]
2023-02-23T04:15:51.449822954Z 	at io.netty.channel.AbstractChannelHandlerContext.invokeChannelRead(AbstractChannelHandlerContext.java:365) ~[netty-transport-4.1.82.Final.jar:4.1.82.Final]
2023-02-23T04:15:51.449825408Z 	at io.netty.channel.AbstractChannelHandlerContext.fireChannelRead(AbstractChannelHandlerContext.java:357) ~[netty-transport-4.1.82.Final.jar:4.1.82.Final]
2023-02-23T04:15:51.449827973Z 	at io.netty.channel.DefaultChannelPipeline$HeadContext.channelRead(DefaultChannelPipeline.java:1410) ~[netty-transport-4.1.82.Final.jar:4.1.82.Final]
2023-02-23T04:15:51.449830518Z 	at io.netty.channel.AbstractChannelHandlerContext.invokeChannelRead(AbstractChannelHandlerContext.java:379) ~[netty-transport-4.1.82.Final.jar:4.1.82.Final]
2023-02-23T04:15:51.449833313Z 	at io.netty.channel.AbstractChannelHandlerContext.invokeChannelRead(AbstractChannelHandlerContext.java:365) ~[netty-transport-4.1.82.Final.jar:4.1.82.Final]
2023-02-23T04:15:51.449835688Z 	at io.netty.channel.DefaultChannelPipeline.fireChannelRead(DefaultChannelPipeline.java:919) ~[netty-transport-4.1.82.Final.jar:4.1.82.Final]
2023-02-23T04:15:51.449838143Z 	at io.netty.channel.epoll.AbstractEpollStreamChannel$EpollStreamUnsafe.epollInReady(AbstractEpollStreamChannel.java:800) ~[netty-transport-classes-epoll-4.1.82.Final.jar:4.1.82.Final]
2023-02-23T04:15:51.449840507Z 	at io.netty.channel.epoll.EpollEventLoop.processReady(EpollEventLoop.java:499) ~[netty-transport-classes-epoll-4.1.82.Final.jar:4.1.82.Final]
2023-02-23T04:15:51.449842801Z 	at io.netty.channel.epoll.EpollEventLoop.run(EpollEventLoop.java:397) ~[netty-transport-classes-epoll-4.1.82.Final.jar:4.1.82.Final]
2023-02-23T04:15:51.449845206Z 	at io.netty.util.concurrent.SingleThreadEventExecutor$4.run(SingleThreadEventExecutor.java:997) ~[netty-common-4.1.82.Final.jar:4.1.82.Final]
2023-02-23T04:15:51.449847791Z 	at io.netty.util.internal.ThreadExecutorMap$2.run(ThreadExecutorMap.java:74) ~[netty-common-4.1.82.Final.jar:4.1.82.Final]
2023-02-23T04:15:51.449849985Z 	at io.netty.util.concurrent.FastThreadLocalRunnable.run(FastThreadLocalRunnable.java:30) ~[netty-common-4.1.82.Final.jar:4.1.82.Final]
2023-02-23T04:15:51.449852740Z 	at java.lang.Thread.run(Unknown Source) ~[?:?]